#-----------------------------------------------------------
# Vivado v2017.2 (64-bit)
# SW Build 1909853 on Thu Jun 15 18:39:10 MDT 2017
# IP Build 1909766 on Thu Jun 15 19:58:00 MDT 2017
# Start of session at: Wed Apr 25 12:40:39 2018
# Process ID: 9506
# Current directory: /home/work1/Documents/Vision_Project_WORKING_SET
# Command line: vivado
# Log file: /home/work1/Documents/Vision_Project_WORKING_SET/vivado.log
# Journal file: /home/work1/Documents/Vision_Project_WORKING_SET/vivado.jou
#-----------------------------------------------------------
start_gui
open_project /home/work1/Documents/Vision_Project_WORKING_SET/vivado_vflow_working_Mar13_15_LatestRecord/vovrly_smth_mog_mrph_3rdVDMA_complete/hdmi_directpassthr_woi.xpr
Scanning sources...
Finished scanning sources
INFO: [IP_Flow 19-234] Refreshing IP repositories
INFO: [IP_Flow 19-1700] Loaded user IP repository '/home/work1/Documents/Vision_Project_WORKING_SET/vivado_vflow_working_Mar13_15_LatestRecord/custom_repo'.
INFO: [IP_Flow 19-1700] Loaded user IP repository '/home/work1/Documents/Vision_Project_WORKING_SET/vivado_vflow_working_Mar13_15_LatestRecord/tutorials/FMC_IMAGEON/2013_3/avnet_fmc_imageon_cores'.
INFO: [IP_Flow 19-2313] Loaded Vivado IP repository '/opt/Xilinx/Vivado/2017.2/data/ip'.
open_project: Time (s): cpu = 00:00:23 ; elapsed = 00:00:11 . Memory (MB): peak = 6181.477 ; gain = 203.590 ; free physical = 11272 ; free virtual = 30378
update_compile_order -fileset sources_1
launch_sdk -workspace /home/work1/Documents/Vision_Project_WORKING_SET/vivado_vflow_working_Mar13_15_LatestRecord/vovrly_smth_mog_mrph_3rdVDMA_complete/hdmi_directpassthr_woi.sdk -hwspec /home/work1/Documents/Vision_Project_WORKING_SET/vivado_vflow_working_Mar13_15_LatestRecord/vovrly_smth_mog_mrph_3rdVDMA_complete/hdmi_directpassthr_woi.sdk/hdmi_directpassthr_woi_wrapper.hdf
INFO: [Vivado 12-393] Launching SDK...
INFO: [Vivado 12-417] Running xsdk -workspace /home/work1/Documents/Vision_Project_WORKING_SET/vivado_vflow_working_Mar13_15_LatestRecord/vovrly_smth_mog_mrph_3rdVDMA_complete/hdmi_directpassthr_woi.sdk -hwspec /home/work1/Documents/Vision_Project_WORKING_SET/vivado_vflow_working_Mar13_15_LatestRecord/vovrly_smth_mog_mrph_3rdVDMA_complete/hdmi_directpassthr_woi.sdk/hdmi_directpassthr_woi_wrapper.hdf
INFO: [Vivado 12-3157] SDK launch initiated. Please check console for any further messages.
ERROR: [Vivado 12-106] *** Exception: java.lang.ClassCastException: sun.awt.image.BufImgSurfaceData cannot be cast to sun.java2d.xr.XRSurfaceData (See /home/work1/Documents/Vision_Project_WORKING_SET/vivado_pid9506.debug)
ERROR: [Vivado 12-106] *** Exception: java.lang.ClassCastException: sun.awt.image.BufImgSurfaceData cannot be cast to sun.java2d.xr.XRSurfaceData (See /home/work1/Documents/Vision_Project_WORKING_SET/vivado_pid9506.debug)
ERROR: [Vivado 12-106] *** Exception: java.lang.ClassCastException: sun.awt.image.BufImgSurfaceData cannot be cast to sun.java2d.xr.XRSurfaceData (See /home/work1/Documents/Vision_Project_WORKING_SET/vivado_pid9506.debug)
ERROR: [Vivado 12-106] *** Exception: java.lang.ClassCastException: sun.awt.image.BufImgSurfaceData cannot be cast to sun.java2d.xr.XRSurfaceData (See /home/work1/Documents/Vision_Project_WORKING_SET/vivado_pid9506.debug)
ERROR: [Vivado 12-106] *** Exception: java.lang.ClassCastException: sun.awt.image.BufImgSurfaceData cannot be cast to sun.java2d.xr.XRSurfaceData (See /home/work1/Documents/Vision_Project_WORKING_SET/vivado_pid9506.debug)
ERROR: [Vivado 12-106] *** Exception: java.lang.ClassCastException: sun.awt.image.BufImgSurfaceData cannot be cast to sun.java2d.xr.XRSurfaceData (See /home/work1/Documents/Vision_Project_WORKING_SET/vivado_pid9506.debug)
ERROR: [Vivado 12-106] *** Exception: java.lang.ClassCastException (See /home/work1/Documents/Vision_Project_WORKING_SET/vivado_pid9506.debug)
ERROR: [Vivado 12-106] *** Exception: java.lang.ClassCastException (See /home/work1/Documents/Vision_Project_WORKING_SET/vivado_pid9506.debug)
ERROR: [Vivado 12-106] *** Exception: java.lang.ClassCastException (See /home/work1/Documents/Vision_Project_WORKING_SET/vivado_pid9506.debug)
ERROR: [Vivado 12-106] *** Exception: java.lang.ClassCastException (See /home/work1/Documents/Vision_Project_WORKING_SET/vivado_pid9506.debug)
ERROR: [Vivado 12-106] *** Exception: java.lang.ClassCastException (See /home/work1/Documents/Vision_Project_WORKING_SET/vivado_pid9506.debug)
ERROR: [Vivado 12-106] *** Exception: java.lang.ClassCastException (See /home/work1/Documents/Vision_Project_WORKING_SET/vivado_pid9506.debug)
ERROR: [Vivado 12-106] *** Exception: java.lang.ClassCastException (See /home/work1/Documents/Vision_Project_WORKING_SET/vivado_pid9506.debug)
ERROR: [Vivado 12-106] *** Exception: java.lang.ClassCastException (See /home/work1/Documents/Vision_Project_WORKING_SET/vivado_pid9506.debug)
ERROR: [Vivado 12-106] *** Exception: java.lang.ClassCastException (See /home/work1/Documents/Vision_Project_WORKING_SET/vivado_pid9506.debug)
ERROR: [Vivado 12-106] *** Exception: java.lang.ClassCastException (See /home/work1/Documents/Vision_Project_WORKING_SET/vivado_pid9506.debug)
ERROR: [Vivado 12-106] *** Exception: java.lang.ClassCastException (See /home/work1/Documents/Vision_Project_WORKING_SET/vivado_pid9506.debug)
ERROR: [Vivado 12-106] *** Exception: java.lang.ClassCastException (See /home/work1/Documents/Vision_Project_WORKING_SET/vivado_pid9506.debug)
ERROR: [Vivado 12-106] *** Exception: java.lang.ClassCastException (See /home/work1/Documents/Vision_Project_WORKING_SET/vivado_pid9506.debug)
ERROR: [Vivado 12-106] *** Exception: java.lang.ClassCastException (See /home/work1/Documents/Vision_Project_WORKING_SET/vivado_pid9506.debug)
ERROR: [Vivado 12-106] *** Exception: java.lang.ClassCastException (See /home/work1/Documents/Vision_Project_WORKING_SET/vivado_pid9506.debug)
ERROR: [Vivado 12-106] *** Exception: java.lang.ClassCastException (See /home/work1/Documents/Vision_Project_WORKING_SET/vivado_pid9506.debug)
ERROR: [Vivado 12-106] *** Exception: java.lang.ClassCastException (See /home/work1/Documents/Vision_Project_WORKING_SET/vivado_pid9506.debug)
ERROR: [Vivado 12-106] *** Exception: java.lang.ClassCastException (See /home/work1/Documents/Vision_Project_WORKING_SET/vivado_pid9506.debug)
ERROR: [Vivado 12-106] *** Exception: java.lang.ClassCastException (See /home/work1/Documents/Vision_Project_WORKING_SET/vivado_pid9506.debug)
ERROR: [Vivado 12-106] *** Exception: java.lang.ClassCastException (See /home/work1/Documents/Vision_Project_WORKING_SET/vivado_pid9506.debug)
ERROR: [Vivado 12-106] *** Exception: java.lang.ClassCastException (See /home/work1/Documents/Vision_Project_WORKING_SET/vivado_pid9506.debug)
ERROR: [Vivado 12-106] *** Exception: java.lang.ClassCastException (See /home/work1/Documents/Vision_Project_WORKING_SET/vivado_pid9506.debug)
ERROR: [Vivado 12-106] *** Exception: java.lang.ClassCastException (See /home/work1/Documents/Vision_Project_WORKING_SET/vivado_pid9506.debug)
ERROR: [Vivado 12-106] *** Exception: java.lang.ClassCastException (See /home/work1/Documents/Vision_Project_WORKING_SET/vivado_pid9506.debug)
ERROR: [Vivado 12-106] *** Exception: java.lang.ClassCastException (See /home/work1/Documents/Vision_Project_WORKING_SET/vivado_pid9506.debug)
ERROR: [Vivado 12-106] *** Exception: java.lang.ClassCastException (See /home/work1/Documents/Vision_Project_WORKING_SET/vivado_pid9506.debug)
ERROR: [Vivado 12-106] *** Exception: java.lang.ClassCastException (See /home/work1/Documents/Vision_Project_WORKING_SET/vivado_pid9506.debug)
ERROR: [Vivado 12-106] *** Exception: java.lang.ClassCastException (See /home/work1/Documents/Vision_Project_WORKING_SET/vivado_pid9506.debug)
ERROR: [Vivado 12-106] *** Exception: java.lang.ClassCastException (See /home/work1/Documents/Vision_Project_WORKING_SET/vivado_pid9506.debug)
ERROR: [Vivado 12-106] *** Exception: java.lang.ClassCastException (See /home/work1/Documents/Vision_Project_WORKING_SET/vivado_pid9506.debug)
ERROR: [Vivado 12-106] *** Exception: java.lang.ClassCastException (See /home/work1/Documents/Vision_Project_WORKING_SET/vivado_pid9506.debug)
ERROR: [Vivado 12-106] *** Exception: java.lang.ClassCastException (See /home/work1/Documents/Vision_Project_WORKING_SET/vivado_pid9506.debug)
ERROR: [Vivado 12-106] *** Exception: java.lang.ClassCastException (See /home/work1/Documents/Vision_Project_WORKING_SET/vivado_pid9506.debug)
ERROR: [Vivado 12-106] *** Exception: java.lang.ClassCastException (See /home/work1/Documents/Vision_Project_WORKING_SET/vivado_pid9506.debug)
ERROR: [Vivado 12-106] *** Exception: java.lang.ClassCastException (See /home/work1/Documents/Vision_Project_WORKING_SET/vivado_pid9506.debug)
ERROR: [Vivado 12-106] *** Exception: java.lang.ClassCastException (See /home/work1/Documents/Vision_Project_WORKING_SET/vivado_pid9506.debug)
ERROR: [Vivado 12-106] *** Exception: java.lang.ClassCastException (See /home/work1/Documents/Vision_Project_WORKING_SET/vivado_pid9506.debug)
ERROR: [Vivado 12-106] *** Exception: java.lang.ClassCastException (See /home/work1/Documents/Vision_Project_WORKING_SET/vivado_pid9506.debug)
ERROR: [Vivado 12-106] *** Exception: java.lang.ClassCastException (See /home/work1/Documents/Vision_Project_WORKING_SET/vivado_pid9506.debug)
ERROR: [Vivado 12-106] *** Exception: java.lang.ClassCastException (See /home/work1/Documents/Vision_Project_WORKING_SET/vivado_pid9506.debug)
ERROR: [Vivado 12-106] *** Exception: java.lang.ClassCastException (See /home/work1/Documents/Vision_Project_WORKING_SET/vivado_pid9506.debug)
ERROR: [Vivado 12-106] *** Exception: java.lang.ClassCastException (See /home/work1/Documents/Vision_Project_WORKING_SET/vivado_pid9506.debug)
ERROR: [Vivado 12-106] *** Exception: java.lang.ClassCastException (See /home/work1/Documents/Vision_Project_WORKING_SET/vivado_pid9506.debug)
ERROR: [Vivado 12-106] *** Exception: java.lang.ClassCastException (See /home/work1/Documents/Vision_Project_WORKING_SET/vivado_pid9506.debug)
ERROR: [Vivado 12-106] *** Exception: java.lang.ClassCastException (See /home/work1/Documents/Vision_Project_WORKING_SET/vivado_pid9506.debug)
ERROR: [Vivado 12-106] *** Exception: java.lang.ClassCastException (See /home/work1/Documents/Vision_Project_WORKING_SET/vivado_pid9506.debug)
ERROR: [Vivado 12-106] *** Exception: java.lang.ClassCastException (See /home/work1/Documents/Vision_Project_WORKING_SET/vivado_pid9506.debug)
ERROR: [Vivado 12-106] *** Exception: java.lang.ClassCastException (See /home/work1/Documents/Vision_Project_WORKING_SET/vivado_pid9506.debug)
ERROR: [Vivado 12-106] *** Exception: java.lang.ClassCastException (See /home/work1/Documents/Vision_Project_WORKING_SET/vivado_pid9506.debug)
ERROR: [Vivado 12-106] *** Exception: java.lang.ClassCastException (See /home/work1/Documents/Vision_Project_WORKING_SET/vivado_pid9506.debug)
ERROR: [Vivado 12-106] *** Exception: java.lang.ClassCastException (See /home/work1/Documents/Vision_Project_WORKING_SET/vivado_pid9506.debug)
ERROR: [Vivado 12-106] *** Exception: java.lang.ClassCastException (See /home/work1/Documents/Vision_Project_WORKING_SET/vivado_pid9506.debug)
ERROR: [Vivado 12-106] *** Exception: java.lang.ClassCastException (See /home/work1/Documents/Vision_Project_WORKING_SET/vivado_pid9506.debug)
ERROR: [Vivado 12-106] *** Exception: java.lang.ClassCastException (See /home/work1/Documents/Vision_Project_WORKING_SET/vivado_pid9506.debug)
ERROR: [Vivado 12-106] *** Exception: java.lang.ClassCastException (See /home/work1/Documents/Vision_Project_WORKING_SET/vivado_pid9506.debug)
ERROR: [Vivado 12-106] *** Exception: java.lang.ClassCastException (See /home/work1/Documents/Vision_Project_WORKING_SET/vivado_pid9506.debug)
ERROR: [Vivado 12-106] *** Exception: java.lang.ClassCastException (See /home/work1/Documents/Vision_Project_WORKING_SET/vivado_pid9506.debug)
ERROR: [Vivado 12-106] *** Exception: java.lang.ClassCastException (See /home/work1/Documents/Vision_Project_WORKING_SET/vivado_pid9506.debug)
ERROR: [Vivado 12-106] *** Exception: java.lang.ClassCastException (See /home/work1/Documents/Vision_Project_WORKING_SET/vivado_pid9506.debug)
ERROR: [Vivado 12-106] *** Exception: java.lang.ClassCastException (See /home/work1/Documents/Vision_Project_WORKING_SET/vivado_pid9506.debug)
ERROR: [Vivado 12-106] *** Exception: java.lang.ClassCastException (See /home/work1/Documents/Vision_Project_WORKING_SET/vivado_pid9506.debug)
ERROR: [Vivado 12-106] *** Exception: java.lang.ClassCastException (See /home/work1/Documents/Vision_Project_WORKING_SET/vivado_pid9506.debug)
ERROR: [Vivado 12-106] *** Exception: java.lang.ClassCastException (See /home/work1/Documents/Vision_Project_WORKING_SET/vivado_pid9506.debug)
ERROR: [Vivado 12-106] *** Exception: java.lang.ClassCastException (See /home/work1/Documents/Vision_Project_WORKING_SET/vivado_pid9506.debug)
ERROR: [Vivado 12-106] *** Exception: java.lang.ClassCastException (See /home/work1/Documents/Vision_Project_WORKING_SET/vivado_pid9506.debug)
ERROR: [Vivado 12-106] *** Exception: java.lang.ClassCastException (See /home/work1/Documents/Vision_Project_WORKING_SET/vivado_pid9506.debug)
ERROR: [Vivado 12-106] *** Exception: java.lang.ClassCastException (See /home/work1/Documents/Vision_Project_WORKING_SET/vivado_pid9506.debug)
ERROR: [Vivado 12-106] *** Exception: java.lang.ClassCastException (See /home/work1/Documents/Vision_Project_WORKING_SET/vivado_pid9506.debug)
ERROR: [Vivado 12-106] *** Exception: java.lang.ClassCastException (See /home/work1/Documents/Vision_Project_WORKING_SET/vivado_pid9506.debug)
ERROR: [Vivado 12-106] *** Exception: java.lang.ClassCastException (See /home/work1/Documents/Vision_Project_WORKING_SET/vivado_pid9506.debug)
ERROR: [Vivado 12-106] *** Exception: java.lang.ClassCastException (See /home/work1/Documents/Vision_Project_WORKING_SET/vivado_pid9506.debug)
ERROR: [Vivado 12-106] *** Exception: java.lang.ClassCastException (See /home/work1/Documents/Vision_Project_WORKING_SET/vivado_pid9506.debug)
ERROR: [Vivado 12-106] *** Exception: java.lang.ClassCastException (See /home/work1/Documents/Vision_Project_WORKING_SET/vivado_pid9506.debug)
ERROR: [Vivado 12-106] *** Exception: java.lang.ClassCastException (See /home/work1/Documents/Vision_Project_WORKING_SET/vivado_pid9506.debug)
ERROR: [Vivado 12-106] *** Exception: java.lang.ClassCastException (See /home/work1/Documents/Vision_Project_WORKING_SET/vivado_pid9506.debug)
ERROR: [Vivado 12-106] *** Exception: java.lang.ClassCastException (See /home/work1/Documents/Vision_Project_WORKING_SET/vivado_pid9506.debug)
ERROR: [Vivado 12-106] *** Exception: java.lang.ClassCastException (See /home/work1/Documents/Vision_Project_WORKING_SET/vivado_pid9506.debug)
ERROR: [Vivado 12-106] *** Exception: java.lang.ClassCastException (See /home/work1/Documents/Vision_Project_WORKING_SET/vivado_pid9506.debug)
ERROR: [Vivado 12-106] *** Exception: java.lang.ClassCastException (See /home/work1/Documents/Vision_Project_WORKING_SET/vivado_pid9506.debug)
ERROR: [Vivado 12-106] *** Exception: java.lang.ClassCastException (See /home/work1/Documents/Vision_Project_WORKING_SET/vivado_pid9506.debug)
ERROR: [Vivado 12-106] *** Exception: java.lang.ClassCastException (See /home/work1/Documents/Vision_Project_WORKING_SET/vivado_pid9506.debug)
ERROR: [Vivado 12-106] *** Exception: java.lang.ClassCastException (See /home/work1/Documents/Vision_Project_WORKING_SET/vivado_pid9506.debug)
ERROR: [Vivado 12-106] *** Exception: java.lang.ClassCastException (See /home/work1/Documents/Vision_Project_WORKING_SET/vivado_pid9506.debug)
ERROR: [Vivado 12-106] *** Exception: java.lang.ClassCastException (See /home/work1/Documents/Vision_Project_WORKING_SET/vivado_pid9506.debug)
ERROR: [Vivado 12-106] *** Exception: java.lang.ClassCastException (See /home/work1/Documents/Vision_Project_WORKING_SET/vivado_pid9506.debug)
ERROR: [Vivado 12-106] *** Exception: java.lang.ClassCastException (See /home/work1/Documents/Vision_Project_WORKING_SET/vivado_pid9506.debug)
ERROR: [Vivado 12-106] *** Exception: java.lang.ClassCastException (See /home/work1/Documents/Vision_Project_WORKING_SET/vivado_pid9506.debug)
ERROR: [Vivado 12-106] *** Exception: java.lang.ClassCastException (See /home/work1/Documents/Vision_Project_WORKING_SET/vivado_pid9506.debug)
ERROR: [Vivado 12-106] *** Exception: java.lang.ClassCastException (See /home/work1/Documents/Vision_Project_WORKING_SET/vivado_pid9506.debug)
ERROR: [Vivado 12-106] *** Exception: java.lang.ClassCastException (See /home/work1/Documents/Vision_Project_WORKING_SET/vivado_pid9506.debug)
ERROR: [Vivado 12-106] *** Exception: java.lang.ClassCastException (See /home/work1/Documents/Vision_Project_WORKING_SET/vivado_pid9506.debug)
ERROR: [Vivado 12-106] *** Exception: java.lang.ClassCastException (See /home/work1/Documents/Vision_Project_WORKING_SET/vivado_pid9506.debug)
ERROR: [Vivado 12-106] *** Exception: java.lang.ClassCastException (See /home/work1/Documents/Vision_Project_WORKING_SET/vivado_pid9506.debug)
ERROR: [Vivado 12-106] *** Exception: java.lang.ClassCastException (See /home/work1/Documents/Vision_Project_WORKING_SET/vivado_pid9506.debug)
INFO: [Common 17-14] Message 'Vivado 12-106' appears 100 times and further instances of the messages will be disabled. Use the Tcl command set_msg_config to change the current settings.
open_bd_design {/home/work1/Documents/Vision_Project_WORKING_SET/vivado_vflow_working_Mar13_15_LatestRecord/vovrly_smth_mog_mrph_3rdVDMA_complete/hdmi_directpassthr_woi.srcs/sources_1/bd/hdmi_directpassthr_woi/hdmi_directpassthr_woi.bd}
Adding cell -- NEU-ESL:user:vbb_system_reset:1.0 - vbb_system_reset_0
Adding cell -- SchuylerEldridge:user:pipeline_registers:1.0 - pipeline_registers_1
Adding cell -- SchuylerEldridge:user:pipeline_registers:1.0 - pipeline_registers_2
Adding cell -- SchuylerEldridge:user:pipeline_registers:1.0 - pipeline_registers_3
Adding cell -- avnet:fmc_imageon:fmc_imageon_hdmi_in:2.0 - fmc_imageon_hdmi_input_0
Adding cell -- NEU-ESL:user:axi_window_of_interest_detection:1.0 - mog_woi_det
Adding cell -- NEU-ESL:user:Morphology:1.0 - Morphology_0
Adding cell -- xilinx.com:ip:axi_iic:2.0 - fmc_imageon_iic_0
Adding cell -- NEU-ESL:user:image_smoothing:1.0 - image_smoothing_0
Adding cell -- xilinx.com:ip:processing_system7:5.5 - processing_system7_0
Adding cell -- xilinx.com:ip:proc_sys_reset:5.0 - rst_processing_system7_0_100M
Adding cell -- xilinx.com:ip:proc_sys_reset:5.0 - rst_processing_system7_0_150M
Adding cell -- xilinx.com:ip:xlconcat:2.1 - concat_interrupt
Adding cell -- xilinx.com:ip:xlconstant:1.1 - xlconstant_0
Adding cell -- xilinx.com:ip:xlconstant:1.1 - LEARNING_FACTOR
Adding cell -- xilinx.com:ip:xlconstant:1.1 - FG_THRESHOLD
Adding cell -- xilinx.com:ip:xlconstant:1.1 - MATCH_THRESHOLD
Adding cell -- xilinx.com:ip:xlslice:1.0 - ycbcr_to_grayscale
WARNING: [BD 41-1731] Type mismatch between connected pins: /processing_system7_0/FCLK_RESET2_N(rst) and /vbb_system_reset_0/ext_reset_n(undef)
WARNING: [BD 41-1731] Type mismatch between connected pins: /hdmii_clk(clk) and /vbb_system_reset_0/clk(undef)
WARNING: [BD 41-1731] Type mismatch between connected pins: /hdmii_clk(clk) and /pipeline_registers_1/clk(undef)
WARNING: [BD 41-1731] Type mismatch between connected pins: /hdmii_clk(clk) and /pipeline_registers_2/clk(undef)
WARNING: [BD 41-1731] Type mismatch between connected pins: /hdmii_clk(clk) and /pipeline_registers_3/clk(undef)
WARNING: [BD 41-1731] Type mismatch between connected pins: /hdmii_clk(clk) and /mog_woi_det/clk(undef)
WARNING: [BD 41-1731] Type mismatch between connected pins: /hdmii_clk(clk) and /Morphology_0/clk(undef)
WARNING: [BD 41-1731] Type mismatch between connected pins: /hdmii_clk(clk) and /image_smoothing_0/clk(undef)
Adding cell -- xilinx.com:ip:axi_crossbar:2.1 - xbar
Adding cell -- xilinx.com:ip:axi_protocol_converter:2.1 - auto_pc
Adding cell -- xilinx.com:ip:axi_crossbar:2.1 - xbar
Adding cell -- xilinx.com:ip:axi_protocol_converter:2.1 - auto_pc
Adding cell -- xilinx.com:ip:axi_dwidth_converter:2.1 - auto_us
Adding cell -- xilinx.com:ip:axi_dwidth_converter:2.1 - auto_us
Adding cell -- xilinx.com:ip:axi_crossbar:2.1 - xbar
Adding cell -- xilinx.com:ip:axi_dwidth_converter:2.1 - auto_ds
Adding cell -- xilinx.com:ip:axi_protocol_converter:2.1 - auto_pc
Adding cell -- xilinx.com:ip:axi_crossbar:2.1 - xbar
Adding cell -- xilinx.com:ip:axi_protocol_converter:2.1 - auto_pc
Adding cell -- xilinx.com:xup:xup_2_to_1_mux_vector:1.0 - morph_pass_over
Adding cell -- xilinx.com:ip:xlconcat:2.1 - after_morph
Adding cell -- xilinx.com:ip:xlconcat:2.1 - before_morph
Adding cell -- xilinx.com:ip:xlslice:1.0 - xlslice_0
Adding cell -- xilinx.com:ip:xlslice:1.0 - xlslice_1
Adding cell -- xilinx.com:ip:xlslice:1.0 - xlslice_2
Adding cell -- xilinx.com:ip:xlslice:1.0 - xlslice_3
Adding cell -- xilinx.com:ip:xlslice:1.0 - xlslice_4
Adding cell -- xilinx.com:ip:xlslice:1.0 - xlslice_5
Adding cell -- xilinx.com:xup:xup_2_to_1_mux_vector:1.0 - smth_pass_over
Adding cell -- xilinx.com:ip:xlconcat:2.1 - before_smth
Adding cell -- xilinx.com:ip:xlconcat:2.1 - after_smth
Adding cell -- xilinx.com:ip:xlslice:1.0 - xlslice_0
Adding cell -- xilinx.com:ip:xlslice:1.0 - xlslice_1
Adding cell -- xilinx.com:ip:xlslice:1.0 - xlslice_2
Adding cell -- xilinx.com:ip:xlslice:1.0 - xlslice_3
Adding cell -- xilinx.com:ip:xlslice:1.0 - xlslice_4
Adding cell -- xilinx.com:ip:xlslice:1.0 - xlslice_5
Adding cell -- xilinx.com:xup:xup_and4:1.0 - xup_and4_0
Adding cell -- xilinx.com:xup:xup_and3:1.0 - xup_and3_0
Adding cell -- xilinx.com:xup:xup_and4:1.0 - xup_and4_1
Adding cell -- xilinx.com:xup:xup_and3:1.0 - xup_and3_1
Adding cell -- xilinx.com:xup:xup_and3:1.0 - xup_and3_2
Adding cell -- NEU-ESL:user:data_unpacking:1.0 - ycbcr_data_unpacking_0
Adding cell -- NEU-ESL:user:data_packing:1.0 - ycbcr_data_packing_0
Adding cell -- SchuylerEldridge:user:pipeline_registers:1.0 - tkeep_pass
Adding cell -- xilinx.com:ip:axi_vdma:6.3 - ycbcr_vdma
Adding cell -- xilinx.com:ip:fifo_generator:13.1 - ycbcr_mem_read_async_fifo
INFO: [xilinx.com:ip:fifo_generator:13.1-5968] /ycbcr2mem_unit/ycbcr_mem_read_async_fifoExecuting the post_config_ip from bd
Adding cell -- xilinx.com:ip:fifo_generator:13.1 - ycbcr_mem_sync_sigs_async_fifo
INFO: [xilinx.com:ip:fifo_generator:13.1-5968] /ycbcr2mem_unit/ycbcr_mem_sync_sigs_async_fifoExecuting the post_config_ip from bd
Adding cell -- xilinx.com:ip:fifo_generator:13.1 - ycbcr_mem_write_async_fifo
INFO: [xilinx.com:ip:fifo_generator:13.1-5968] /ycbcr2mem_unit/ycbcr_mem_write_async_fifoExecuting the post_config_ip from bd
Adding cell -- xilinx.com:xup:xup_or2:1.0 - xup_or2_0
Adding cell -- SchuylerEldridge:user:pipeline_registers:1.0 - pipeline_registers_0
Adding cell -- xilinx.com:ip:xlconstant:1.1 - one
Adding cell -- xilinx.com:ip:xlconstant:1.1 - cbcr_gray
Adding cell -- xilinx.com:ip:xlconcat:2.1 - concatenation
Adding cell -- xilinx.com:ip:xlslice:1.0 - y_sel
Adding cell -- avnet:fmc_imageon:fmc_imageon_hdmi_out:2.0 - fmc_imageon_hdmi_out_0
Adding cell -- xilinx.com:ip:xlconstant:1.1 - vcc
Adding cell -- xilinx.com:ip:xlconstant:1.1 - gnd
Adding cell -- SchuylerEldridge:user:pipeline_registers:1.0 - pipeline_registers_1
Adding cell -- xilinx.com:ip:xlslice:1.0 - de_out
Adding cell -- xilinx.com:ip:xlslice:1.0 - hblank_out
Adding cell -- xilinx.com:ip:xlconcat:2.1 - hdmi_sync_pass
Adding cell -- xilinx.com:ip:xlslice:1.0 - spdif_out
Adding cell -- xilinx.com:ip:xlslice:1.0 - vlbank_out
Adding cell -- xilinx.com:ip:fifo_generator:13.1 - color_video_pass_fifo
INFO: [xilinx.com:ip:fifo_generator:13.1-5968] /color_video_pass/color_video_pass_fifoExecuting the post_config_ip from bd
Adding cell -- SchuylerEldridge:user:pipeline_registers:1.0 - pipeline_registers_10
Adding cell -- xilinx.com:xup:xup_or2:1.0 - xup_or2_2
Adding cell -- SchuylerEldridge:user:pipeline_registers:1.0 - pipeline_registers_10
Adding cell -- xilinx.com:xup:xup_or2:1.0 - xup_or2_2
Adding cell -- SchuylerEldridge:user:pipeline_registers:1.0 - spdif
Adding cell -- SchuylerEldridge:user:pipeline_registers:1.0 - vblank
Adding cell -- SchuylerEldridge:user:pipeline_registers:1.0 - de_pass
Adding cell -- SchuylerEldridge:user:pipeline_registers:1.0 - hblank
Adding cell -- SchuylerEldridge:user:pipeline_registers:1.0 - pipeline_registers_1
Adding cell -- xilinx.com:xup:xup_and3:1.0 - xup_and3_0
Adding cell -- xilinx.com:xup:xup_and3:1.0 - xup_and3_1
Adding cell -- xilinx.com:xup:xup_and3:1.0 - xup_and3_2
Adding cell -- xilinx.com:xup:xup_and3:1.0 - xup_and3_3
Adding cell -- NEU-ESL:user:MixtureOfGaussians:1.0 - MixtureOfGaussians_0
Adding cell -- xilinx.com:ip:axi_vdma:6.3 - mog_vdma
Adding cell -- xilinx.com:ip:fifo_generator:13.1 - mog_params_read_async_fifo
INFO: [xilinx.com:ip:fifo_generator:13.1-5968] /bge_unit/mog_params_read_async_fifoExecuting the post_config_ip from bd
Adding cell -- xilinx.com:ip:fifo_generator:13.1 - mog_params_write_async_fifo
INFO: [xilinx.com:ip:fifo_generator:13.1-5968] /bge_unit/mog_params_write_async_fifoExecuting the post_config_ip from bd
Adding cell -- xilinx.com:ip:fifo_generator:13.1 - vdma_sync_signals_passing
INFO: [xilinx.com:ip:fifo_generator:13.1-5968] /bge_unit/vdma_sync_signals_passingExecuting the post_config_ip from bd
Adding cell -- xilinx.com:ip:xlconcat:2.1 - grayscale8to32
Adding cell -- xilinx.com:ip:xlconstant:1.1 - zero24
Adding cell -- xilinx.com:ip:xlslice:1.0 - xlslice_0
WARNING: [BD 41-1731] Type mismatch between connected pins: /bge_unit/hdmi_clk(clk) and /bge_unit/pipeline_registers_1/clk(undef)
WARNING: [BD 41-1731] Type mismatch between connected pins: /bge_unit/hdmi_clk(clk) and /bge_unit/MixtureOfGaussians_0/clk(undef)
Adding cell -- SchuylerEldridge:user:pipeline_registers:1.0 - pipeline_registers_10
Adding cell -- xilinx.com:xup:xup_or2:1.0 - xup_or2_2
Adding cell -- xilinx.com:ip:xlconstant:1.1 - xlconstant_1
Adding cell -- xilinx.com:ip:c_addsub:12.0 - w1addw2
Adding cell -- xilinx.com:ip:c_addsub:12.0 - one16subw1addw2
Adding cell -- xilinx.com:ip:xlconcat:2.1 - w3_concat
Adding cell -- xilinx.com:ip:xlconstant:1.1 - zero16
Adding cell -- xilinx.com:ip:xlconstant:1.1 - one16
Adding cell -- xilinx.com:ip:xlconcat:2.1 - w1_concat
Adding cell -- xilinx.com:ip:xlslice:1.0 - w1_slice
Adding cell -- xilinx.com:ip:xlconstant:1.1 - zero16
Adding cell -- xilinx.com:ip:xlconcat:2.1 - w2_concat
Adding cell -- xilinx.com:ip:xlslice:1.0 - w2_slice
Adding cell -- xilinx.com:ip:xlconstant:1.1 - zero16
Adding cell -- xilinx.com:ip:xlconcat:2.1 - sd2_concat
Adding cell -- xilinx.com:ip:xlslice:1.0 - sd2_slice
Adding cell -- xilinx.com:ip:xlconstant:1.1 - zero16
Adding cell -- xilinx.com:ip:xlconcat:2.1 - sd1_concat
Adding cell -- xilinx.com:ip:xlslice:1.0 - sd1_slice
Adding cell -- xilinx.com:ip:xlconstant:1.1 - zero16
Adding cell -- xilinx.com:ip:xlconcat:2.1 - mean1_concat
Adding cell -- xilinx.com:ip:xlconstant:1.1 - zero16
Adding cell -- xilinx.com:ip:xlslice:1.0 - mean1_slice
Adding cell -- xilinx.com:ip:xlconcat:2.1 - mean3_concat
Adding cell -- xilinx.com:ip:xlslice:1.0 - mean3_slice
Adding cell -- xilinx.com:ip:xlconstant:1.1 - zero16
Adding cell -- xilinx.com:ip:xlconcat:2.1 - sd3_concat
Adding cell -- xilinx.com:ip:xlslice:1.0 - sd3_slice
Adding cell -- xilinx.com:ip:xlconstant:1.1 - zero16
Adding cell -- xilinx.com:ip:xlconcat:2.1 - mean2_concat
Adding cell -- xilinx.com:ip:xlslice:1.0 - mean2_slice
Adding cell -- xilinx.com:ip:xlconstant:1.1 - zero16
Adding cell -- xilinx.com:ip:xlslice:1.0 - sd1_slice
Adding cell -- xilinx.com:ip:xlslice:1.0 - w1_slice
Adding cell -- xilinx.com:ip:xlslice:1.0 - w2_slice
Adding cell -- xilinx.com:ip:xlslice:1.0 - sd3_slice
Adding cell -- xilinx.com:ip:xlslice:1.0 - mean2_slice
Adding cell -- xilinx.com:ip:xlslice:1.0 - sd2_slice
Adding cell -- xilinx.com:ip:xlslice:1.0 - mean3_slice
Adding cell -- xilinx.com:ip:xlconcat:2.1 - params_concat
Adding cell -- xilinx.com:ip:xlslice:1.0 - mean1_slice
Adding cell -- SchuylerEldridge:user:pipeline_registers:1.0 - pipeline_registers_1
Adding cell -- SchuylerEldridge:user:pipeline_registers:1.0 - pipeline_registers_2
Adding cell -- xilinx.com:xup:xup_and3:1.0 - xup_and3_1
Adding cell -- SchuylerEldridge:user:pipeline_registers:1.0 - pipeline_registers_3
Adding cell -- xilinx.com:xup:xup_and4:1.0 - xup_and4_0
Adding cell -- xilinx.com:xup:xup_and3:1.0 - xup_and3_2
Adding cell -- xilinx.com:xup:xup_and3:1.0 - xup_and3_3
Adding cell -- NEU-ESL:user:data_packing:1.0 - vovrlay_data_packing_0
Adding cell -- xilinx.com:xup:xup_and4:1.0 - xup_and4_1
Adding cell -- SchuylerEldridge:user:pipeline_registers:1.0 - pipeline_registers_5
Adding cell -- SchuylerEldridge:user:pipeline_registers:1.0 - pipeline_registers_6
Adding cell -- NEU-ESL:user:data_unpacking:1.0 - vovrly_data_unpacking0
Adding cell -- SchuylerEldridge:user:pipeline_registers:1.0 - pipeline_registers_0
Adding cell -- SchuylerEldridge:user:pipeline_registers:1.0 - pipeline_registers_4
Adding cell -- NEU-ESL:user:axi_window_of_interest_detection:1.0 - vovrlay_woi_det
Adding cell -- xilinx.com:ip:axi_vdma:6.3 - vovrly_vdma
Adding cell -- xilinx.com:ip:fifo_generator:13.1 - vovraly_rd_async_fifo
INFO: [xilinx.com:ip:fifo_generator:13.1-5968] /video_overlay_unit/vovraly_rd_async_fifoExecuting the post_config_ip from bd
Adding cell -- xilinx.com:ip:fifo_generator:13.1 - vovrly_sync_sigs_pass
INFO: [xilinx.com:ip:fifo_generator:13.1-5968] /video_overlay_unit/vovrly_sync_sigs_passExecuting the post_config_ip from bd
Adding cell -- xilinx.com:ip:fifo_generator:13.1 - vovraly_wr_async_fifo
INFO: [xilinx.com:ip:fifo_generator:13.1-5968] /video_overlay_unit/vovraly_wr_async_fifoExecuting the post_config_ip from bd
Adding cell -- www.northeastern.edu:user:video_overlay:1.0 - video_overlay_0
Adding cell -- SchuylerEldridge:user:pipeline_registers:1.0 - pipeline_registers_10
Adding cell -- xilinx.com:xup:xup_or2:1.0 - xup_or2_2
Adding cell -- xilinx.com:ip:xlconstant:1.1 - xlconstant_1
Adding cell -- SchuylerEldridge:user:pipeline_registers:1.0 - pipeline_registers_1
Adding cell -- xilinx.com:ip:xlslice:1.0 - de_out
Adding cell -- xilinx.com:ip:xlslice:1.0 - hblank_out
Adding cell -- xilinx.com:ip:xlconcat:2.1 - hdmi_sync_pass
Adding cell -- xilinx.com:ip:xlslice:1.0 - spdif_out
Adding cell -- xilinx.com:ip:xlslice:1.0 - vlbank_out
Adding cell -- SchuylerEldridge:user:pipeline_registers:1.0 - pipeline_registers_1
Adding cell -- xilinx.com:ip:xlconcat:2.1 - hdmi_sync_pass
Adding cell -- xilinx.com:ip:xlslice:1.0 - hblank_out
Adding cell -- xilinx.com:ip:xlslice:1.0 - vlbank_out
Adding cell -- xilinx.com:ip:xlslice:1.0 - de_out
Adding cell -- xilinx.com:ip:xlslice:1.0 - spdif_out
Successfully read diagram <hdmi_directpassthr_woi> from BD file </home/work1/Documents/Vision_Project_WORKING_SET/vivado_vflow_working_Mar13_15_LatestRecord/vovrly_smth_mog_mrph_3rdVDMA_complete/hdmi_directpassthr_woi.srcs/sources_1/bd/hdmi_directpassthr_woi/hdmi_directpassthr_woi.bd>
open_bd_design: Time (s): cpu = 00:00:06 ; elapsed = 00:00:05 . Memory (MB): peak = 6295.629 ; gain = 47.266 ; free physical = 10182 ; free virtual = 29419
synth_design -rtl -name rtl_1
Command: synth_design -rtl -name rtl_1
Starting synth_design
Using part: xc7z020clg484-1
Top: hdmi_directpassthr_woi_wrapper
CRITICAL WARNING: [filemgmt 20-1741] File 'pipeline_registers.v' is used by one or more modules, but with different contents, and may lead to unpredictable results:
* hdmi_directpassthr_woi_pipeline_registers_1_0 (/home/work1/Documents/Vision_Project_WORKING_SET/vivado_vflow_working_Mar13_15_LatestRecord/vovrly_smth_mog_mrph_3rdVDMA_complete/hdmi_directpassthr_woi.srcs/sources_1/ipshared/90d2/pipeline_registers.v)
* hdmi_directpassthr_woi_MixtureOfGaussians_0_0 (/home/work1/Documents/Vision_Project_WORKING_SET/vivado_vflow_working_Mar13_15_LatestRecord/vovrly_smth_mog_mrph_3rdVDMA_complete/hdmi_directpassthr_woi.srcs/sources_1/bd/hdmi_directpassthr_woi/ipshared/5eb4/hdl/pipeline_registers.v)
Please reset and regenerate these modules to resolve the differences, or synthesize them independently.
CRITICAL WARNING: [Synth 8-2490] overwriting previous definition of module pipeline_registers [/home/work1/Documents/Vision_Project_WORKING_SET/vivado_vflow_working_Mar13_15_LatestRecord/vovrly_smth_mog_mrph_3rdVDMA_complete/hdmi_directpassthr_woi.srcs/sources_1/bd/hdmi_directpassthr_woi/ipshared/5eb4/hdl/pipeline_registers.v:29]
---------------------------------------------------------------------------------
Starting RTL Elaboration : Time (s): cpu = 00:00:05 ; elapsed = 00:00:05 . Memory (MB): peak = 6354.688 ; gain = 50.000 ; free physical = 10086 ; free virtual = 29348
---------------------------------------------------------------------------------
WARNING: [Synth 8-2048] function gpo_bit_used does not always return a value [/home/work1/Documents/Vision_Project_WORKING_SET/vivado_vflow_working_Mar13_15_LatestRecord/vovrly_smth_mog_mrph_3rdVDMA_complete/hdmi_directpassthr_woi.srcs/sources_1/bd/hdmi_directpassthr_woi/ipshared/6bf4/hdl/axi_iic_v2_0_vh_rfs.vhd:1139]
INFO: [Common 17-41] Interrupt caught. Command should exit soon.
INFO: [Common 17-344] 'source' was cancelled
2 Infos, 1 Warnings, 2 Critical Warnings and 1 Errors encountered.
synth_design failed
INFO: [Common 17-344] 'synth_design' was cancelled
open_run impl_2
INFO: [Netlist 29-17] Analyzing 2837 Unisim elements for replacement
INFO: [Netlist 29-28] Unisim Transformation completed in 0 CPU seconds
INFO: [Project 1-479] Netlist was created with Vivado 2017.2
INFO: [Device 21-403] Loading part xc7z020clg484-1
INFO: [Project 1-570] Preparing netlist for logic optimization
Parsing XDC File [/home/work1/Documents/Vision_Project_WORKING_SET/.Xil/Vivado-9506-work1-station/dcp1/hdmi_directpassthr_woi_wrapper_board.xdc]
Finished Parsing XDC File [/home/work1/Documents/Vision_Project_WORKING_SET/.Xil/Vivado-9506-work1-station/dcp1/hdmi_directpassthr_woi_wrapper_board.xdc]
Parsing XDC File [/home/work1/Documents/Vision_Project_WORKING_SET/.Xil/Vivado-9506-work1-station/dcp1/hdmi_directpassthr_woi_wrapper_early.xdc]
Finished Parsing XDC File [/home/work1/Documents/Vision_Project_WORKING_SET/.Xil/Vivado-9506-work1-station/dcp1/hdmi_directpassthr_woi_wrapper_early.xdc]
Parsing XDC File [/home/work1/Documents/Vision_Project_WORKING_SET/.Xil/Vivado-9506-work1-station/dcp1/hdmi_directpassthr_woi_wrapper.xdc]
INFO: [Timing 38-35] Done setting XDC timing constraints. [/home/work1/Documents/Vision_Project_WORKING_SET/vivado_vflow_working_Mar13_15_LatestRecord/vovrly_smth_mog_mrph_3rdVDMA_complete/hdmi_directpassthr_woi.srcs/constrs_1/imports/constraints/zedboard_fmc_imageon_hdmi_passthrough.xdc:167]
get_clocks: Time (s): cpu = 00:00:12 ; elapsed = 00:00:09 . Memory (MB): peak = 7408.781 ; gain = 546.520 ; free physical = 9006 ; free virtual = 28470
Finished Parsing XDC File [/home/work1/Documents/Vision_Project_WORKING_SET/.Xil/Vivado-9506-work1-station/dcp1/hdmi_directpassthr_woi_wrapper.xdc]
Parsing XDC File [/home/work1/Documents/Vision_Project_WORKING_SET/.Xil/Vivado-9506-work1-station/dcp1/hdmi_directpassthr_woi_wrapper_late.xdc]
Finished Parsing XDC File [/home/work1/Documents/Vision_Project_WORKING_SET/.Xil/Vivado-9506-work1-station/dcp1/hdmi_directpassthr_woi_wrapper_late.xdc]
Reading XDEF placement.
Reading placer database...
Reading XDEF routing.
Read XDEF File: Time (s): cpu = 00:00:03 ; elapsed = 00:00:03 . Memory (MB): peak = 7485.031 ; gain = 70.250 ; free physical = 8944 ; free virtual = 28409
Restored from archive | CPU: 3.060000 secs | Memory: 58.970848 MB |
Finished XDEF File Restore: Time (s): cpu = 00:00:03 ; elapsed = 00:00:03 . Memory (MB): peak = 7485.031 ; gain = 70.250 ; free physical = 8944 ; free virtual = 28409
INFO: [Project 1-111] Unisim Transformation Summary:
  A total of 313 instances were transformed.
  CFGLUT5 => CFGLUT5 (SRLC32E, SRL16E): 232 instances
  IOBUF => IOBUF (IBUF, OBUFT): 2 instances
  RAM32M => RAM32M (RAMS32, RAMS32, RAMD32, RAMD32, RAMD32, RAMD32, RAMD32, RAMD32): 35 instances
  RAM32X1D => RAM32X1D (RAMD32, RAMD32): 3 instances
  SRLC32E => SRL16E: 41 instances

open_run: Time (s): cpu = 00:00:51 ; elapsed = 00:00:43 . Memory (MB): peak = 7723.156 ; gain = 1161.039 ; free physical = 8916 ; free virtual = 28278
open_report: Time (s): cpu = 00:00:11 ; elapsed = 00:00:07 . Memory (MB): peak = 7753.105 ; gain = 3.965 ; free physical = 8812 ; free virtual = 28190
exit
INFO: [Common 17-206] Exiting Vivado at Wed Apr 25 16:16:09 2018...
