#-----------------------------------------------------------
# Vivado v2014.2 (64-bit)
# SW Build 932637 on Wed Jun 11 13:12:34 MDT 2014
# IP Build 924643 on Fri May 30 09:20:16 MDT 2014
# Start of session at: Thu Mar  5 12:45:57 2015
# Process ID: 530
# Log file: /export/scratch/fan/vivado/vivado_vflow_working_Feb20_15/vovrly_smth_mog_mrph_3rdVDMA_complete/hdmi_directpassthr_woi.sdk/webtalk/vivado.log
# Journal file: /export/scratch/fan/vivado/vivado_vflow_working_Feb20_15/vovrly_smth_mog_mrph_3rdVDMA_complete/hdmi_directpassthr_woi.sdk/webtalk/vivado.jou
#-----------------------------------------------------------
source sdk.tcl
# webtalk_init -webtalk_dir /export/scratch/fan/vivado/vivado_vflow_working_Feb20_15/vovrly_smth_mog_mrph_3rdVDMA_complete/hdmi_directpassthr_woi.sdk/webtalk
# webtalk_register_client -client project
# webtalk_add_data -client project -key date_generated -value "Thu Mar 5 12:45:56 2015" -context "software_version_and_target_device"
# webtalk_add_data -client project -key product_version -value "SDK v2014.2" -context "software_version_and_target_device"
# webtalk_add_data -client project -key build_version -value "2014.2" -context "software_version_and_target_device"
# webtalk_add_data -client project -key os_platform -value "amd64" -context "software_version_and_target_device"
# webtalk_add_data -client project -key registration_id -value "NA" -context "software_version_and_target_device"
# webtalk_add_data -client project -key tool_flow -value "SDK" -context "software_version_and_target_device"
# webtalk_add_data -client project -key beta -value "false" -context "software_version_and_target_device"
# webtalk_add_data -client project -key route_design -value "NA" -context "software_version_and_target_device"
# webtalk_add_data -client project -key target_family -value "NA" -context "software_version_and_target_device"
# webtalk_add_data -client project -key target_device -value "NA" -context "software_version_and_target_device"
# webtalk_add_data -client project -key target_package -value "NA" -context "software_version_and_target_device"
# webtalk_add_data -client project -key target_speed -value "NA" -context "software_version_and_target_device"
# webtalk_add_data -client project -key random_id -value "d54ci1o6acsi6f6auo1555hoal" -context "software_version_and_target_device"
# webtalk_add_data -client project -key project_id -value "2014.2_24" -context "software_version_and_target_device"
# webtalk_add_data -client project -key project_iteration -value "24" -context "software_version_and_target_device"
# webtalk_add_data -client project -key os_name -value "CentOS" -context "user_environment"
# webtalk_add_data -client project -key os_release -value "CentOS release 6.6 (Final)" -context "user_environment"
# webtalk_add_data -client project -key cpu_name -value "Intel(R) Core(TM) i5-3470 CPU @ 3.20GHz" -context "user_environment"
# webtalk_add_data -client project -key cpu_speed -value "1600.000 MHz" -context "user_environment"
# webtalk_add_data -client project -key total_processors -value "1" -context "user_environment"
# webtalk_add_data -client project -key system_ram -value "8.000 GB" -context "user_environment"
# webtalk_register_client -client sdk
# webtalk_add_data -client sdk -key uid -value "1425565165000" -context "sdk\\\\bsp/1425565165000"
# webtalk_add_data -client sdk -key hwid -value "1422037083000" -context "sdk\\\\bsp/1425565165000"
# webtalk_add_data -client sdk -key os -value "standalone" -context "sdk\\\\bsp/1425565165000"
# webtalk_add_data -client sdk -key apptemplate -value "hello_world" -context "sdk\\\\bsp/1425565165000"
# webtalk_add_data -client sdk -key uid -value "1425565166000" -context "sdk\\\\application/1425565166000"
# webtalk_add_data -client sdk -key hwid -value "1422037083000" -context "sdk\\\\application/1425565166000"
# webtalk_add_data -client sdk -key bspid -value "1425565165000" -context "sdk\\\\application/1425565166000"
# webtalk_add_data -client sdk -key newbsp -value "true" -context "sdk\\\\application/1425565166000"
# webtalk_add_data -client sdk -key os -value "standalone" -context "sdk\\\\application/1425565166000"
# webtalk_add_data -client sdk -key apptemplate -value "hello_world" -context "sdk\\\\application/1425565166000"
# webtalk_transmit -clientid 147660777 -regid "NA" -xml /export/scratch/fan/vivado/vivado_vflow_working_Feb20_15/vovrly_smth_mog_mrph_3rdVDMA_complete/hdmi_directpassthr_woi.sdk/webtalk/usage_statistics_ext_sdk.xml -html /export/scratch/fan/vivado/vivado_vflow_working_Feb20_15/vovrly_smth_mog_mrph_3rdVDMA_complete/hdmi_directpassthr_woi.sdk/webtalk/usage_statistics_ext_sdk.html -wdm /export/scratch/fan/vivado/vivado_vflow_working_Feb20_15/vovrly_smth_mog_mrph_3rdVDMA_complete/hdmi_directpassthr_woi.sdk/webtalk/sdk.wdm -intro "<H3>SDK Usage Report</H3><BR>"

    while executing
"webtalk_transmit -clientid 147660777 -regid "NA" -xml /export/scratch/fan/vivado/vivado_vflow_working_Feb20_15/vovrly_smth_mog_mrph_3rdVDMA_complete/h..."
    (file "sdk.tcl" line 35)
INFO: [Common 17-206] Exiting Vivado at Thu Mar  5 12:46:01 2015...
