#-----------------------------------------------------------
# Vivado v2014.2 (64-bit)
# SW Build 932637 on Wed Jun 11 13:08:52 MDT 2014
# IP Build 924643 on Fri May 30 09:20:16 MDT 2014
# Start of session at: Wed Aug 13 15:21:29 2014
# Process ID: 20060
# Log file: /export/thishost/scratch/sabbagh/vivado/backups/hdmi_directpassthr_woi_bkup8/hdmi_directpassthr_woi.sdk/webtalk/vivado.log
# Journal file: /export/thishost/scratch/sabbagh/vivado/backups/hdmi_directpassthr_woi_bkup8/hdmi_directpassthr_woi.sdk/webtalk/vivado.jou
#-----------------------------------------------------------
source sdk.tcl
# webtalk_init -webtalk_dir /export/thishost/scratch/sabbagh/vivado/backups/hdmi_directpassthr_woi_bkup8/hdmi_directpassthr_woi.sdk/webtalk
# webtalk_register_client -client project
# webtalk_add_data -client project -key date_generated -value "Wed Aug 13 15:21:28 2014" -context "software_version_and_target_device"
# webtalk_add_data -client project -key product_version -value "SDK v2014.2" -context "software_version_and_target_device"
# webtalk_add_data -client project -key build_version -value "2014.2" -context "software_version_and_target_device"
# webtalk_add_data -client project -key os_platform -value "amd64" -context "software_version_and_target_device"
# webtalk_add_data -client project -key registration_id -value "NA" -context "software_version_and_target_device"
# webtalk_add_data -client project -key tool_flow -value "SDK" -context "software_version_and_target_device"
# webtalk_add_data -client project -key beta -value "false" -context "software_version_and_target_device"
# webtalk_add_data -client project -key route_design -value "NA" -context "software_version_and_target_device"
# webtalk_add_data -client project -key target_family -value "NA" -context "software_version_and_target_device"
# webtalk_add_data -client project -key target_device -value "NA" -context "software_version_and_target_device"
# webtalk_add_data -client project -key target_package -value "NA" -context "software_version_and_target_device"
# webtalk_add_data -client project -key target_speed -value "NA" -context "software_version_and_target_device"
# webtalk_add_data -client project -key random_id -value "46j9m9cd6qmknqp1ll5edeidp7" -context "software_version_and_target_device"
# webtalk_add_data -client project -key project_id -value "2014.2_28" -context "software_version_and_target_device"
# webtalk_add_data -client project -key project_iteration -value "28" -context "software_version_and_target_device"
# webtalk_add_data -client project -key os_name -value "CentOS" -context "user_environment"
# webtalk_add_data -client project -key os_release -value "CentOS release 6.5 (Final)" -context "user_environment"
# webtalk_add_data -client project -key cpu_name -value "Intel(R) Core(TM) i7-4770 CPU @ 3.40GHz" -context "user_environment"
# webtalk_add_data -client project -key cpu_speed -value "3401.000 MHz" -context "user_environment"
# webtalk_add_data -client project -key total_processors -value "1" -context "user_environment"
# webtalk_add_data -client project -key system_ram -value "8.000 GB" -context "user_environment"
# webtalk_register_client -client sdk
# webtalk_add_data -client sdk -key uid -value "1407957661000" -context "sdk\\\\hardware/1407957661000"
# webtalk_add_data -client sdk -key isZynq -value "true" -context "sdk\\\\hardware/1407957661000"
# webtalk_add_data -client sdk -key Processors -value "2" -context "sdk\\\\hardware/1407957661000"
# webtalk_add_data -client sdk -key VivadoVersion -value "2014.2" -context "sdk\\\\hardware/1407957661000"
# webtalk_add_data -client sdk -key Arch -value "zynq" -context "sdk\\\\hardware/1407957661000"
# webtalk_add_data -client sdk -key Device -value "7z020" -context "sdk\\\\hardware/1407957661000"
# webtalk_add_data -client sdk -key IsHandoff -value "true" -context "sdk\\\\hardware/1407957661000"
# webtalk_transmit -clientid 1105940387 -regid "NA" -xml /export/thishost/scratch/sabbagh/vivado/backups/hdmi_directpassthr_woi_bkup8/hdmi_directpassthr_woi.sdk/webtalk/usage_statistics_ext_sdk.xml -html /export/thishost/scratch/sabbagh/vivado/backups/hdmi_directpassthr_woi_bkup8/hdmi_directpassthr_woi.sdk/webtalk/usage_statistics_ext_sdk.html -wdm /export/thishost/scratch/sabbagh/vivado/backups/hdmi_directpassthr_woi_bkup8/hdmi_directpassthr_woi.sdk/webtalk/sdk.wdm -intro "<H3>SDK Usage Report</H3><BR>"
INFO: [Common 17-186] '/export/thishost/scratch/sabbagh/vivado/backups/hdmi_directpassthr_woi_bkup8/hdmi_directpassthr_woi.sdk/webtalk/usage_statistics_ext_sdk.xml' has been successfully sent to Xilinx on Wed Aug 13 15:21:33 2014. For additional details about this file, please refer to the WebTalk help file at /export/scratch/opt/XilinxVivado/Vivado/2014.2/doc/webtalk_introduction.html.
# webtalk_terminate
INFO: [Common 17-206] Exiting Vivado at Wed Aug 13 15:21:33 2014...
