#-----------------------------------------------------------
# Vivado v2014.2 (64-bit)
# SW Build 932637 on Wed Jun 11 13:12:34 MDT 2014
# IP Build 924643 on Fri May 30 09:20:16 MDT 2014
# Start of session at: Fri Feb 20 16:59:17 2015
# Process ID: 27720
# Log file: /export/scratch/fan/vivado/vivado_vflow_working_Feb20_15/vovrly_smth_mog_mrph_3rdVDMA_complete/hdmi_directpassthr_woi.sdk/webtalk/vivado.log
# Journal file: /export/scratch/fan/vivado/vivado_vflow_working_Feb20_15/vovrly_smth_mog_mrph_3rdVDMA_complete/hdmi_directpassthr_woi.sdk/webtalk/vivado.jou
#-----------------------------------------------------------
source sdk.tcl
# webtalk_init -webtalk_dir /export/scratch/fan/vivado/vivado_vflow_working_Feb20_15/vovrly_smth_mog_mrph_3rdVDMA_complete/hdmi_directpassthr_woi.sdk/webtalk
# webtalk_register_client -client project
# webtalk_add_data -client project -key date_generated -value "Fri Feb 20 16:59:17 2015" -context "software_version_and_target_device"
# webtalk_add_data -client project -key product_version -value "SDK v2014.2" -context "software_version_and_target_device"
# webtalk_add_data -client project -key build_version -value "2014.2" -context "software_version_and_target_device"
# webtalk_add_data -client project -key os_platform -value "amd64" -context "software_version_and_target_device"
# webtalk_add_data -client project -key registration_id -value "NA" -context "software_version_and_target_device"
# webtalk_add_data -client project -key tool_flow -value "SDK" -context "software_version_and_target_device"
# webtalk_add_data -client project -key beta -value "false" -context "software_version_and_target_device"
# webtalk_add_data -client project -key route_design -value "NA" -context "software_version_and_target_device"
# webtalk_add_data -client project -key target_family -value "NA" -context "software_version_and_target_device"
# webtalk_add_data -client project -key target_device -value "NA" -context "software_version_and_target_device"
# webtalk_add_data -client project -key target_package -value "NA" -context "software_version_and_target_device"
# webtalk_add_data -client project -key target_speed -value "NA" -context "software_version_and_target_device"
# webtalk_add_data -client project -key random_id -value "1u9rj9f9bhaiunocegf79m73te" -context "software_version_and_target_device"
# webtalk_add_data -client project -key project_id -value "2014.2_22" -context "software_version_and_target_device"
# webtalk_add_data -client project -key project_iteration -value "22" -context "software_version_and_target_device"
# webtalk_add_data -client project -key os_name -value "CentOS" -context "user_environment"
# webtalk_add_data -client project -key os_release -value "CentOS release 6.6 (Final)" -context "user_environment"
# webtalk_add_data -client project -key cpu_name -value "Intel(R) Core(TM) i5-3470 CPU @ 3.20GHz" -context "user_environment"
# webtalk_add_data -client project -key cpu_speed -value "1600.000 MHz" -context "user_environment"
# webtalk_add_data -client project -key total_processors -value "1" -context "user_environment"
# webtalk_add_data -client project -key system_ram -value "8.000 GB" -context "user_environment"
# webtalk_register_client -client sdk
# webtalk_add_data -client sdk -key uid -value "1424469186000" -context "sdk\\\\bsp/1424469186000"
# webtalk_add_data -client sdk -key hwid -value "1422037083000" -context "sdk\\\\bsp/1424469186000"
# webtalk_add_data -client sdk -key os -value "standalone" -context "sdk\\\\bsp/1424469186000"
# webtalk_add_data -client sdk -key apptemplate -value "null" -context "sdk\\\\bsp/1424469186000"
# webtalk_add_data -client sdk -key uid -value "1424469430000" -context "sdk\\\\bsp/1424469430000"
# webtalk_add_data -client sdk -key hwid -value "1422037083000" -context "sdk\\\\bsp/1424469430000"
# webtalk_add_data -client sdk -key os -value "standalone" -context "sdk\\\\bsp/1424469430000"
# webtalk_add_data -client sdk -key apptemplate -value "null" -context "sdk\\\\bsp/1424469430000"
# webtalk_transmit -clientid 3487461284 -regid "NA" -xml /export/scratch/fan/vivado/vivado_vflow_working_Feb20_15/vovrly_smth_mog_mrph_3rdVDMA_complete/hdmi_directpassthr_woi.sdk/webtalk/usage_statistics_ext_sdk.xml -html /export/scratch/fan/vivado/vivado_vflow_working_Feb20_15/vovrly_smth_mog_mrph_3rdVDMA_complete/hdmi_directpassthr_woi.sdk/webtalk/usage_statistics_ext_sdk.html -wdm /export/scratch/fan/vivado/vivado_vflow_working_Feb20_15/vovrly_smth_mog_mrph_3rdVDMA_complete/hdmi_directpassthr_woi.sdk/webtalk/sdk.wdm -intro "<H3>SDK Usage Report</H3><BR>"

    while executing
"webtalk_transmit -clientid 3487461284 -regid "NA" -xml /export/scratch/fan/vivado/vivado_vflow_working_Feb20_15/vovrly_smth_mog_mrph_3rdVDMA_complete/..."
    (file "sdk.tcl" line 33)
INFO: [Common 17-206] Exiting Vivado at Fri Feb 20 16:59:21 2015...
