#-----------------------------------------------------------
# Webtalk v2017.2 (64-bit)
# SW Build 1909853 on Thu Jun 15 18:39:10 MDT 2017
# 
# Start of session at: Thu Mar 22 16:43:13 2018
# Process ID: 439
# Current directory: /home/uncc_embed/Documents/Vision_Project_WORKING_SET/vivado_vflow_working_Mar13_15_LatestRecord/vovrly_smth_mog_mrph_3rdVDMA_complete/hdmi_directpassthr_woi.sdk/webtalk
# Command line: wbtcv -mode batch -source sdk_webtalk.tcl
# Log file: /home/uncc_embed/Documents/Vision_Project_WORKING_SET/vivado_vflow_working_Mar13_15_LatestRecord/vovrly_smth_mog_mrph_3rdVDMA_complete/hdmi_directpassthr_woi.sdk/webtalk/webtalk.log
# Journal file: /home/uncc_embed/Documents/Vision_Project_WORKING_SET/vivado_vflow_working_Mar13_15_LatestRecord/vovrly_smth_mog_mrph_3rdVDMA_complete/hdmi_directpassthr_woi.sdk/webtalk/webtalk.jou
#-----------------------------------------------------------
source sdk_webtalk.tcl
# webtalk_init -webtalk_dir /home/uncc_embed/Documents/Vision_Project_WORKING_SET/vivado_vflow_working_Mar13_15_LatestRecord/vovrly_smth_mog_mrph_3rdVDMA_complete/hdmi_directpassthr_woi.sdk/webtalk
# webtalk_register_client -client project
# webtalk_add_data -client project -key date_generated -value "2018-03-22 16:43:13" -context "software_version_and_target_device"
# webtalk_add_data -client project -key product_version -value "SDK v2017.2" -context "software_version_and_target_device"
# webtalk_add_data -client project -key build_version -value "2017.2" -context "software_version_and_target_device"
# webtalk_add_data -client project -key os_platform -value "amd64" -context "software_version_and_target_device"
# webtalk_add_data -client project -key registration_id -value "174150896_174150897_210584296_449" -context "software_version_and_target_device"
# webtalk_add_data -client project -key tool_flow -value "SDK" -context "software_version_and_target_device"
# webtalk_add_data -client project -key beta -value "false" -context "software_version_and_target_device"
# webtalk_add_data -client project -key route_design -value "NA" -context "software_version_and_target_device"
# webtalk_add_data -client project -key target_family -value "NA" -context "software_version_and_target_device"
# webtalk_add_data -client project -key target_device -value "NA" -context "software_version_and_target_device"
# webtalk_add_data -client project -key target_package -value "NA" -context "software_version_and_target_device"
# webtalk_add_data -client project -key target_speed -value "NA" -context "software_version_and_target_device"
# webtalk_add_data -client project -key random_id -value "iufugoo8u2sk9bc35sltiebca" -context "software_version_and_target_device"
# webtalk_add_data -client project -key project_id -value "2017.2_10" -context "software_version_and_target_device"
# webtalk_add_data -client project -key project_iteration -value "10" -context "software_version_and_target_device"
# webtalk_add_data -client project -key os_name -value "Ubuntu" -context "user_environment"
# webtalk_add_data -client project -key os_release -value "Ubuntu 16.04.4 LTS" -context "user_environment"
# webtalk_add_data -client project -key cpu_name -value "Intel(R) Core(TM) i7-3770 CPU @ 3.40GHz" -context "user_environment"
# webtalk_add_data -client project -key cpu_speed -value "3391.984 MHz" -context "user_environment"
# webtalk_add_data -client project -key total_processors -value "1" -context "user_environment"
# webtalk_add_data -client project -key system_ram -value "16.000 GB" -context "user_environment"
# webtalk_register_client -client sdk
# webtalk_add_data -client sdk -key uid -value "1521745122000" -context "sdk\\\\hardware/1521745122000"
# webtalk_add_data -client sdk -key isZynq -value "true" -context "sdk\\\\hardware/1521745122000"
# webtalk_add_data -client sdk -key isZynqMP -value "false" -context "sdk\\\\hardware/1521745122000"
# webtalk_add_data -client sdk -key Processors -value "2" -context "sdk\\\\hardware/1521745122000"
# webtalk_add_data -client sdk -key VivadoVersion -value "2014.2" -context "sdk\\\\hardware/1521745122000"
# webtalk_add_data -client sdk -key Arch -value "zynq" -context "sdk\\\\hardware/1521745122000"
# webtalk_add_data -client sdk -key Device -value "7z020" -context "sdk\\\\hardware/1521745122000"
# webtalk_add_data -client sdk -key IsHandoff -value "true" -context "sdk\\\\hardware/1521745122000"
# webtalk_add_data -client sdk -key os -value "NA" -context "sdk\\\\hardware/1521745122000"
# webtalk_add_data -client sdk -key apptemplate -value "NA" -context "sdk\\\\hardware/1521745122000"
# webtalk_add_data -client sdk -key RecordType -value "HWCreation" -context "sdk\\\\hardware/1521745122000"
# webtalk_add_data -client sdk -key uid -value "NA" -context "sdk\\\\bsp/1521751393024"
# webtalk_add_data -client sdk -key RecordType -value "ToolUsage" -context "sdk\\\\bsp/1521751393024"
# webtalk_add_data -client sdk -key BootgenCount -value "0" -context "sdk\\\\bsp/1521751393024"
# webtalk_add_data -client sdk -key DebugCount -value "11" -context "sdk\\\\bsp/1521751393024"
# webtalk_add_data -client sdk -key PerfCount -value "0" -context "sdk\\\\bsp/1521751393024"
# webtalk_add_data -client sdk -key FlashCount -value "0" -context "sdk\\\\bsp/1521751393024"
# webtalk_add_data -client sdk -key CrossTriggCount -value "0" -context "sdk\\\\bsp/1521751393024"
# webtalk_add_data -client sdk -key QemuDebugCount -value "0" -context "sdk\\\\bsp/1521751393024"
# webtalk_transmit -clientid 1502487883 -regid "174150896_174150897_210584296_449" -xml /home/uncc_embed/Documents/Vision_Project_WORKING_SET/vivado_vflow_working_Mar13_15_LatestRecord/vovrly_smth_mog_mrph_3rdVDMA_complete/hdmi_directpassthr_woi.sdk/webtalk/usage_statistics_ext_sdk.xml -html /home/uncc_embed/Documents/Vision_Project_WORKING_SET/vivado_vflow_working_Mar13_15_LatestRecord/vovrly_smth_mog_mrph_3rdVDMA_complete/hdmi_directpassthr_woi.sdk/webtalk/usage_statistics_ext_sdk.html -wdm /home/uncc_embed/Documents/Vision_Project_WORKING_SET/vivado_vflow_working_Mar13_15_LatestRecord/vovrly_smth_mog_mrph_3rdVDMA_complete/hdmi_directpassthr_woi.sdk/webtalk/sdk_webtalk.wdm -intro "<H3>SDK Usage Report</H3><BR>"
# webtalk_terminate
INFO: [Common 17-206] Exiting Webtalk at Thu Mar 22 16:43:13 2018...
