#
# An unexpected error has occurred (11)
#
Stack:
/export/thishost/opt/Xilinx/Vivado/2014.2/tps/lnx64/jre/lib/amd64/server/libjvm.so(+0x8127a9) [0x7f8114eb37a9]
/export/thishost/opt/Xilinx/Vivado/2014.2/tps/lnx64/jre/lib/amd64/server/libjvm.so(JVM_handle_linux_signal+0xb6) [0x7f8114eb9216]
/lib64/libc.so.6() [0x3c09c326a0]
/export/thishost/opt/Xilinx/Vivado/2014.2/lib/lnx64.o/librdi_coregenipxact.so(HACGSpirit::HACGSAbstractionDefinitionPorts::sizePort() const+0) [0x7f812158a140]
/export/thishost/opt/Xilinx/Vivado/2014.2/lib/lnx64.o/librdi_rsb.so(HRSBCoAbsDefUtil::HRSBCoAbsDefUtil(HACGSpirit::HACGSAbstractionDefinition const&)+0xaa) [0x7f81230dec5a]
/export/thishost/opt/Xilinx/Vivado/2014.2/lib/lnx64.o/librdi_rsb.so(HRSBEnUtil::writeOOCXdcFile(HSTString const&, HRSBMoDesign*)+0x22a) [0x7f81232005fa]
/export/thishost/opt/Xilinx/Vivado/2014.2/lib/lnx64.o/librdi_rsb.so(HRSBEnEngineMgr::generateDesign(HSTString const&, HSTString const&)+0xc80) [0x7f81231a8e70]
/export/thishost/opt/Xilinx/Vivado/2014.2/lib/lnx64.o/librdi_rsb.so(HRSBEnCompositeFile::generateTopHdlWrapper(HDGUIStatus&)+0x125) [0x7f812317c845]
/export/thishost/opt/Xilinx/Vivado/2014.2/lib/lnx64.o/librdi_rsb.so(HRSBEnCompositeFile::_generateFor_(HSTVector<HSTString, std::allocator<HSTString> > const&, HDGUIStatus&, bool)+0x110) [0x7f812317e310]
/export/thishost/opt/Xilinx/Vivado/2014.2/lib/lnx64.o/librdi_filemgmt.so(HDDACompositeFile::generateFor(HSTVector<HSTString, std::allocator<HSTString> > const&, HDGUIStatus&, bool)+0x153) [0x7f8126afc263]
/export/thishost/opt/Xilinx/Vivado/2014.2/lib/lnx64.o/librdi_filemgmt.so(HDDACompositeFile::generateFor(HDDATypes::GenerationTarget, HDGUIStatus&, bool)+0x85) [0x7f8126afc545]
/export/thishost/opt/Xilinx/Vivado/2014.2/lib/lnx64.o/librdi_runs.so(HAXFUtils::prepareCompositeForTarget(HADAFileSet*, HDDATypes::GenerationTarget, HDGUIStatus&)+0x2df) [0x7f8122c6005f]
/export/thishost/opt/Xilinx/Vivado/2014.2/lib/lnx64.o/librdi_runs.so(HAXFVDSDataMgr::prepRunForExport_(HAXPExpRun*, HSTVector<HSTString, std::allocator<HSTString> >&, HDGUIStatus&)+0x29) [0x7f8122c727e9]
/export/thishost/opt/Xilinx/Vivado/2014.2/lib/lnx64.o/librdi_runs.so(HAXPLaunchMgr::writeRunFromFloorplan(HAXPExpRun*, HFLFloorplan*, HSTVector<std::pair<HAXPExpRun*, HSTString>, std::allocator<std::pair<HAXPExpRun*, HSTString> > >&, HDGUIStatus&)+0xce) [0x7f8122b8481e]
/export/thishost/opt/Xilinx/Vivado/2014.2/lib/lnx64.o/librdi_project.so(HAPRRunDaemonLauncher::exportRunForSpec_(HAXPExpRun*, HSTVector<std::pair<HAXPExpRun*, HSTString>, std::allocator<std::pair<HAXPExpRun*, HSTString> > >&, HDGUIStatus&)+0x4c) [0x7f8124182aac]
/export/thishost/opt/Xilinx/Vivado/2014.2/lib/lnx64.o/librdi_project.so(HAPRRunDaemonLauncher::launch(HAXPLaunchOptions*, HSTVector<std::pair<HAXPExpRun*, HSTString>, std::allocator<std::pair<HAXPExpRun*, HSTString> > >&, HDGUIStatus&)+0x388) [0x7f81241836f8]
/export/thishost/opt/Xilinx/Vivado/2014.2/lib/lnx64.o/librdi_tcltasks.so(+0x113aed2) [0x7f8118b1aed2]
/export/thishost/opt/Xilinx/Vivado/2014.2/lib/lnx64.o/librdi_common.so(+0x49679b) [0x7f813fba579b]
/export/thishost/opt/Xilinx/Vivado/2014.2/lib/lnx64.o/libtcl8.5.so(+0x331f5) [0x7f813b40b1f5]
/export/thishost/opt/Xilinx/Vivado/2014.2/lib/lnx64.o/libtcl8.5.so(+0x76bbe) [0x7f813b44ebbe]
/export/thishost/opt/Xilinx/Vivado/2014.2/lib/lnx64.o/libtcl8.5.so(+0x7e767) [0x7f813b456767]
/export/thishost/opt/Xilinx/Vivado/2014.2/lib/lnx64.o/libtcl8.5.so(TclEvalObjEx+0x77) [0x7f813b40d327]
/export/thishost/opt/Xilinx/Vivado/2014.2/lib/lnx64.o/librdi_common.so(+0x496012) [0x7f813fba5012]
/export/thishost/opt/Xilinx/Vivado/2014.2/lib/lnx64.o/libtcl8.5.so(Tcl_ServiceEvent+0x87) [0x7f813b47fb37]
/export/thishost/opt/Xilinx/Vivado/2014.2/lib/lnx64.o/libtcl8.5.so(Tcl_DoOneEvent+0x129) [0x7f813b47fe69]
/export/thishost/opt/Xilinx/Vivado/2014.2/lib/lnx64.o/librdi_commontasks.so(+0x2b5d95) [0x7f813253ed95]
/export/thishost/opt/Xilinx/Vivado/2014.2/lib/lnx64.o/librdi_commontasks.so(+0x2be057) [0x7f8132547057]
/export/thishost/opt/Xilinx/Vivado/2014.2/lib/lnx64.o/librdi_commontasks.so(+0x2b6033) [0x7f813253f033]
/export/thishost/opt/Xilinx/Vivado/2014.2/lib/lnx64.o/librdi_common.so(+0x49679b) [0x7f813fba579b]
/export/thishost/opt/Xilinx/Vivado/2014.2/lib/lnx64.o/libtcl8.5.so(+0x331f5) [0x7f813b40b1f5]
/export/thishost/opt/Xilinx/Vivado/2014.2/lib/lnx64.o/libtcl8.5.so(+0x76bbe) [0x7f813b44ebbe]
/export/thishost/opt/Xilinx/Vivado/2014.2/lib/lnx64.o/libtcl8.5.so(+0x7e767) [0x7f813b456767]
/export/thishost/opt/Xilinx/Vivado/2014.2/lib/lnx64.o/libtcl8.5.so(TclEvalObjEx+0x77) [0x7f813b40d327]
/export/thishost/opt/Xilinx/Vivado/2014.2/lib/lnx64.o/librdi_commonmain.so(+0x6ee0) [0x7f813f509ee0]
/export/thishost/opt/Xilinx/Vivado/2014.2/lib/lnx64.o/libtcl8.5.so(Tcl_Main+0x1d5) [0x7f813b478175]
/export/thishost/opt/Xilinx/Vivado/2014.2/lib/lnx64.o/librdi_common.so(+0x4c50c9) [0x7f813fbd40c9]
/lib64/libpthread.so.0() [0x3c0a4079d1]
/lib64/libc.so.6(clone+0x6d) [0x3c09ce88fd]
