#
# An unexpected error has occurred (11)
#
Stack:
/export/thishost/opt/Xilinx/Vivado/2014.2/tps/lnx64/jre/lib/amd64/server/libjvm.so(+0x8127a9) [0x7fbb1eab07a9]
/export/thishost/opt/Xilinx/Vivado/2014.2/tps/lnx64/jre/lib/amd64/server/libjvm.so(JVM_handle_linux_signal+0xb6) [0x7fbb1eab6216]
/lib64/libc.so.6() [0x3214e326a0]
/export/thishost/opt/Xilinx/Vivado/2014.2/lib/lnx64.o/libstdc++.so.6(_ZNSsC1ERKSs+0x8) [0x7fbb48eb8a18]
/export/thishost/opt/Xilinx/Vivado/2014.2/lib/lnx64.o/librdi_rsb.so(HRSBCoAbsDefUtil::HRSBCoAbsDefUtil(HACGSpirit::HACGSAbstractionDefinition const&)+0xd8) [0x7fbb2ccdbc88]
/export/thishost/opt/Xilinx/Vivado/2014.2/lib/lnx64.o/librdi_rsb.so(HRSBEnUtil::writeOOCXdcFile(HSTString const&, HRSBMoDesign*)+0x22a) [0x7fbb2cdfd5fa]
/export/thishost/opt/Xilinx/Vivado/2014.2/lib/lnx64.o/librdi_rsb.so(HRSBEnEngineMgr::generateDesign(HSTString const&, HSTString const&)+0xc80) [0x7fbb2cda5e70]
/export/thishost/opt/Xilinx/Vivado/2014.2/lib/lnx64.o/librdi_rsb.so(HRSBEnCompositeFile::generateTopHdlWrapper(HDGUIStatus&)+0x125) [0x7fbb2cd79845]
/export/thishost/opt/Xilinx/Vivado/2014.2/lib/lnx64.o/librdi_rsb.so(HRSBEnCompositeFile::_generateFor_(HSTVector<HSTString, std::allocator<HSTString> > const&, HDGUIStatus&, bool)+0x110) [0x7fbb2cd7b310]
/export/thishost/opt/Xilinx/Vivado/2014.2/lib/lnx64.o/librdi_filemgmt.so(HDDACompositeFile::generateFor(HSTVector<HSTString, std::allocator<HSTString> > const&, HDGUIStatus&, bool)+0x153) [0x7fbb306f9263]
/export/thishost/opt/Xilinx/Vivado/2014.2/lib/lnx64.o/librdi_filemgmt.so(HDDACompositeFile::generateFor(HDDATypes::GenerationTarget, HDGUIStatus&, bool)+0x85) [0x7fbb306f9545]
/export/thishost/opt/Xilinx/Vivado/2014.2/lib/lnx64.o/librdi_runs.so(HAXFUtils::prepareCompositeForTarget(HADAFileSet*, HDDATypes::GenerationTarget, HDGUIStatus&)+0x2df) [0x7fbb2c85d05f]
/export/thishost/opt/Xilinx/Vivado/2014.2/lib/lnx64.o/librdi_runs.so(HAXFVDSDataMgr::prepRunForExport_(HAXPExpRun*, HSTVector<HSTString, std::allocator<HSTString> >&, HDGUIStatus&)+0x29) [0x7fbb2c86f7e9]
/export/thishost/opt/Xilinx/Vivado/2014.2/lib/lnx64.o/librdi_runs.so(HAXPLaunchMgr::writeRunFromFloorplan(HAXPExpRun*, HFLFloorplan*, HSTVector<std::pair<HAXPExpRun*, HSTString>, std::allocator<std::pair<HAXPExpRun*, HSTString> > >&, HDGUIStatus&)+0xce) [0x7fbb2c78181e]
/export/thishost/opt/Xilinx/Vivado/2014.2/lib/lnx64.o/librdi_project.so(HAPRRunDaemonLauncher::exportRunForSpec_(HAXPExpRun*, HSTVector<std::pair<HAXPExpRun*, HSTString>, std::allocator<std::pair<HAXPExpRun*, HSTString> > >&, HDGUIStatus&)+0x4c) [0x7fbb2dd7faac]
/export/thishost/opt/Xilinx/Vivado/2014.2/lib/lnx64.o/librdi_project.so(HAPRRunDaemonLauncher::launch(HAXPLaunchOptions*, HSTVector<std::pair<HAXPExpRun*, HSTString>, std::allocator<std::pair<HAXPExpRun*, HSTString> > >&, HDGUIStatus&)+0x388) [0x7fbb2dd806f8]
/export/thishost/opt/Xilinx/Vivado/2014.2/lib/lnx64.o/librdi_tcltasks.so(+0x113aed2) [0x7fbb22717ed2]
/export/thishost/opt/Xilinx/Vivado/2014.2/lib/lnx64.o/librdi_common.so(+0x49679b) [0x7fbb497a479b]
/export/thishost/opt/Xilinx/Vivado/2014.2/lib/lnx64.o/libtcl8.5.so(+0x331f5) [0x7fbb450091f5]
/export/thishost/opt/Xilinx/Vivado/2014.2/lib/lnx64.o/libtcl8.5.so(+0x76bbe) [0x7fbb4504cbbe]
/export/thishost/opt/Xilinx/Vivado/2014.2/lib/lnx64.o/libtcl8.5.so(+0x7e767) [0x7fbb45054767]
/export/thishost/opt/Xilinx/Vivado/2014.2/lib/lnx64.o/libtcl8.5.so(TclEvalObjEx+0x77) [0x7fbb4500b327]
/export/thishost/opt/Xilinx/Vivado/2014.2/lib/lnx64.o/librdi_common.so(+0x496012) [0x7fbb497a4012]
/export/thishost/opt/Xilinx/Vivado/2014.2/lib/lnx64.o/libtcl8.5.so(Tcl_ServiceEvent+0x87) [0x7fbb4507db37]
/export/thishost/opt/Xilinx/Vivado/2014.2/lib/lnx64.o/libtcl8.5.so(Tcl_DoOneEvent+0x129) [0x7fbb4507de69]
/export/thishost/opt/Xilinx/Vivado/2014.2/lib/lnx64.o/librdi_commontasks.so(+0x2b5d95) [0x7fbb3c13cd95]
/export/thishost/opt/Xilinx/Vivado/2014.2/lib/lnx64.o/librdi_commontasks.so(+0x2be057) [0x7fbb3c145057]
/export/thishost/opt/Xilinx/Vivado/2014.2/lib/lnx64.o/librdi_commontasks.so(+0x2b6033) [0x7fbb3c13d033]
/export/thishost/opt/Xilinx/Vivado/2014.2/lib/lnx64.o/librdi_common.so(+0x49679b) [0x7fbb497a479b]
/export/thishost/opt/Xilinx/Vivado/2014.2/lib/lnx64.o/libtcl8.5.so(+0x331f5) [0x7fbb450091f5]
/export/thishost/opt/Xilinx/Vivado/2014.2/lib/lnx64.o/libtcl8.5.so(+0x76bbe) [0x7fbb4504cbbe]
/export/thishost/opt/Xilinx/Vivado/2014.2/lib/lnx64.o/libtcl8.5.so(+0x7e767) [0x7fbb45054767]
/export/thishost/opt/Xilinx/Vivado/2014.2/lib/lnx64.o/libtcl8.5.so(TclEvalObjEx+0x77) [0x7fbb4500b327]
/export/thishost/opt/Xilinx/Vivado/2014.2/lib/lnx64.o/librdi_commonmain.so(+0x6ee0) [0x7fbb49108ee0]
/export/thishost/opt/Xilinx/Vivado/2014.2/lib/lnx64.o/libtcl8.5.so(Tcl_Main+0x1d5) [0x7fbb45076175]
/export/thishost/opt/Xilinx/Vivado/2014.2/lib/lnx64.o/librdi_common.so(+0x4c50c9) [0x7fbb497d30c9]
/lib64/libpthread.so.0() [0x3215607a51]
/lib64/libc.so.6(clone+0x6d) [0x3214ee893d]
