#
# An unexpected error has occurred (11)
#
Stack:
/export/thishost/opt/Xilinx/Vivado/2014.2/tps/lnx64/jre/lib/amd64/server/libjvm.so(+0x8127a9) [0x7f6fa05e07a9]
/export/thishost/opt/Xilinx/Vivado/2014.2/tps/lnx64/jre/lib/amd64/server/libjvm.so(JVM_handle_linux_signal+0xb6) [0x7f6fa05e6216]
/lib64/libc.so.6() [0x3214e326a0]
/export/thishost/opt/Xilinx/Vivado/2014.2/lib/lnx64.o/libstdc++.so.6(_ZNSsC1ERKSs+0x8) [0x7f6fca9e8a18]
/export/thishost/opt/Xilinx/Vivado/2014.2/lib/lnx64.o/librdi_rsb.so(HRSBCoAbsDefUtil::HRSBCoAbsDefUtil(HACGSpirit::HACGSAbstractionDefinition const&)+0xd8) [0x7f6fae80bc88]
/export/thishost/opt/Xilinx/Vivado/2014.2/lib/lnx64.o/librdi_rsb.so(HRSBEnUtil::writeOOCXdcFile(HSTString const&, HRSBMoDesign*)+0x22a) [0x7f6fae92d5fa]
/export/thishost/opt/Xilinx/Vivado/2014.2/lib/lnx64.o/librdi_rsb.so(HRSBEnEngineMgr::generateDesign(HSTString const&, HSTString const&)+0xc80) [0x7f6fae8d5e70]
/export/thishost/opt/Xilinx/Vivado/2014.2/lib/lnx64.o/librdi_rsb.so(HRSBEnCompositeFile::generateTopHdlWrapper(HDGUIStatus&)+0x125) [0x7f6fae8a9845]
/export/thishost/opt/Xilinx/Vivado/2014.2/lib/lnx64.o/librdi_rsb.so(HRSBEnCompositeFile::generateTopHdlSrc(HSTString const&, HDARPart const*, HSTString&, HDGUIStatus&, HSTString)+0x3ac) [0x7f6fae8abbfc]
/export/thishost/opt/Xilinx/Vivado/2014.2/lib/lnx64.o/librdi_tcltasks.so(HTCDesignMakeWrapper::execute(Tcl_Interp*)+0x834) [0x7f6fa3c74b94]
/export/thishost/opt/Xilinx/Vivado/2014.2/lib/lnx64.o/librdi_common.so(+0x49679b) [0x7f6fcb2d479b]
/export/thishost/opt/Xilinx/Vivado/2014.2/lib/lnx64.o/libtcl8.5.so(+0x331f5) [0x7f6fc6b391f5]
/export/thishost/opt/Xilinx/Vivado/2014.2/lib/lnx64.o/libtcl8.5.so(+0x76bbe) [0x7f6fc6b7cbbe]
/export/thishost/opt/Xilinx/Vivado/2014.2/lib/lnx64.o/libtcl8.5.so(+0x7e767) [0x7f6fc6b84767]
/export/thishost/opt/Xilinx/Vivado/2014.2/lib/lnx64.o/libtcl8.5.so(TclEvalObjEx+0x77) [0x7f6fc6b3b327]
/export/thishost/opt/Xilinx/Vivado/2014.2/lib/lnx64.o/librdi_common.so(+0x496012) [0x7f6fcb2d4012]
/export/thishost/opt/Xilinx/Vivado/2014.2/lib/lnx64.o/libtcl8.5.so(Tcl_ServiceEvent+0x87) [0x7f6fc6badb37]
/export/thishost/opt/Xilinx/Vivado/2014.2/lib/lnx64.o/libtcl8.5.so(Tcl_DoOneEvent+0x129) [0x7f6fc6bade69]
/export/thishost/opt/Xilinx/Vivado/2014.2/lib/lnx64.o/librdi_commontasks.so(+0x2b5d95) [0x7f6fbdc6cd95]
/export/thishost/opt/Xilinx/Vivado/2014.2/lib/lnx64.o/librdi_commontasks.so(+0x2be057) [0x7f6fbdc75057]
/export/thishost/opt/Xilinx/Vivado/2014.2/lib/lnx64.o/librdi_commontasks.so(+0x2b6033) [0x7f6fbdc6d033]
/export/thishost/opt/Xilinx/Vivado/2014.2/lib/lnx64.o/librdi_common.so(+0x49679b) [0x7f6fcb2d479b]
/export/thishost/opt/Xilinx/Vivado/2014.2/lib/lnx64.o/libtcl8.5.so(+0x331f5) [0x7f6fc6b391f5]
/export/thishost/opt/Xilinx/Vivado/2014.2/lib/lnx64.o/libtcl8.5.so(+0x76bbe) [0x7f6fc6b7cbbe]
/export/thishost/opt/Xilinx/Vivado/2014.2/lib/lnx64.o/libtcl8.5.so(+0x7e767) [0x7f6fc6b84767]
/export/thishost/opt/Xilinx/Vivado/2014.2/lib/lnx64.o/libtcl8.5.so(TclEvalObjEx+0x77) [0x7f6fc6b3b327]
/export/thishost/opt/Xilinx/Vivado/2014.2/lib/lnx64.o/librdi_commonmain.so(+0x6ee0) [0x7f6fcac38ee0]
/export/thishost/opt/Xilinx/Vivado/2014.2/lib/lnx64.o/libtcl8.5.so(Tcl_Main+0x1d5) [0x7f6fc6ba6175]
/export/thishost/opt/Xilinx/Vivado/2014.2/lib/lnx64.o/librdi_common.so(+0x4c50c9) [0x7f6fcb3030c9]
/lib64/libpthread.so.0() [0x3215607a51]
/lib64/libc.so.6(clone+0x6d) [0x3214ee893d]
