#
# An unexpected error has occurred (11)
#
Stack:
/export/scratch/opt/XilinxVivado/Vivado/2014.2/tps/lnx64/jre/lib/amd64/server/libjvm.so(+0x8127a9) [0x7f48a65107a9]
/export/scratch/opt/XilinxVivado/Vivado/2014.2/tps/lnx64/jre/lib/amd64/server/libjvm.so(JVM_handle_linux_signal+0xb6) [0x7f48a6516216]
/lib64/libc.so.6() [0x3d528329a0]
/export/scratch/opt/XilinxVivado/Vivado/2014.2/lib/lnx64.o/librdi_coregenipxact.so(HACGSpirit::HACGSAbstractionDefinitionPorts::sizePort() const+0) [0x7f48b2be7140]
/export/scratch/opt/XilinxVivado/Vivado/2014.2/lib/lnx64.o/librdi_rsb.so(HRSBCoAbsDefUtil::HRSBCoAbsDefUtil(HACGSpirit::HACGSAbstractionDefinition const&)+0xaa) [0x7f48b473bc5a]
/export/scratch/opt/XilinxVivado/Vivado/2014.2/lib/lnx64.o/librdi_rsb.so(HRSBEnUtil::writeOOCXdcFile(HSTString const&, HRSBMoDesign*)+0x22a) [0x7f48b485d5fa]
/export/scratch/opt/XilinxVivado/Vivado/2014.2/lib/lnx64.o/librdi_rsb.so(HRSBEnEngineMgr::generateDesign(HSTString const&, HSTString const&)+0xc80) [0x7f48b4805e70]
/export/scratch/opt/XilinxVivado/Vivado/2014.2/lib/lnx64.o/librdi_rsb.so(HRSBEnCompositeFile::generateTopHdlWrapper(HDGUIStatus&)+0x125) [0x7f48b47d9845]
/export/scratch/opt/XilinxVivado/Vivado/2014.2/lib/lnx64.o/librdi_rsb.so(HRSBEnCompositeFile::_generateFor_(HSTVector<HSTString, std::allocator<HSTString> > const&, HDGUIStatus&, bool)+0x110) [0x7f48b47db310]
/export/scratch/opt/XilinxVivado/Vivado/2014.2/lib/lnx64.o/librdi_filemgmt.so(HDDACompositeFile::generateFor(HSTVector<HSTString, std::allocator<HSTString> > const&, HDGUIStatus&, bool)+0x153) [0x7f48b8159263]
/export/scratch/opt/XilinxVivado/Vivado/2014.2/lib/lnx64.o/librdi_filemgmt.so(HDDACompositeFile::generateFor(HDDATypes::GenerationTarget, HDGUIStatus&, bool)+0x85) [0x7f48b8159545]
/export/scratch/opt/XilinxVivado/Vivado/2014.2/lib/lnx64.o/librdi_runs.so(HAXFUtils::prepareCompositeForTarget(HADAFileSet*, HDDATypes::GenerationTarget, HDGUIStatus&)+0x2df) [0x7f48b42bd05f]
/export/scratch/opt/XilinxVivado/Vivado/2014.2/lib/lnx64.o/librdi_runs.so(HAXFVDSDataMgr::prepRunForExport_(HAXPExpRun*, HSTVector<HSTString, std::allocator<HSTString> >&, HDGUIStatus&)+0x29) [0x7f48b42cf7e9]
/export/scratch/opt/XilinxVivado/Vivado/2014.2/lib/lnx64.o/librdi_runs.so(HAXPLaunchMgr::writeRunFromFloorplan(HAXPExpRun*, HFLFloorplan*, HSTVector<std::pair<HAXPExpRun*, HSTString>, std::allocator<std::pair<HAXPExpRun*, HSTString> > >&, HDGUIStatus&)+0xce) [0x7f48b41e181e]
/export/scratch/opt/XilinxVivado/Vivado/2014.2/lib/lnx64.o/librdi_project.so(HAPRRunDaemonLauncher::exportRunForSpec_(HAXPExpRun*, HSTVector<std::pair<HAXPExpRun*, HSTString>, std::allocator<std::pair<HAXPExpRun*, HSTString> > >&, HDGUIStatus&)+0x4c) [0x7f48b57dfaac]
/export/scratch/opt/XilinxVivado/Vivado/2014.2/lib/lnx64.o/librdi_project.so(HAPRRunDaemonLauncher::launch(HAXPLaunchOptions*, HSTVector<std::pair<HAXPExpRun*, HSTString>, std::allocator<std::pair<HAXPExpRun*, HSTString> > >&, HDGUIStatus&)+0x388) [0x7f48b57e06f8]
/export/scratch/opt/XilinxVivado/Vivado/2014.2/lib/lnx64.o/librdi_tcltasks.so(+0x113aed2) [0x7f48aa177ed2]
/export/scratch/opt/XilinxVivado/Vivado/2014.2/lib/lnx64.o/librdi_common.so(+0x49679b) [0x7f48d0fd079b]
/export/scratch/opt/XilinxVivado/Vivado/2014.2/lib/lnx64.o/libtcl8.5.so(+0x331f5) [0x7f48cc8301f5]
/export/scratch/opt/XilinxVivado/Vivado/2014.2/lib/lnx64.o/libtcl8.5.so(+0x76bbe) [0x7f48cc873bbe]
/export/scratch/opt/XilinxVivado/Vivado/2014.2/lib/lnx64.o/libtcl8.5.so(+0x7e767) [0x7f48cc87b767]
/export/scratch/opt/XilinxVivado/Vivado/2014.2/lib/lnx64.o/libtcl8.5.so(TclEvalObjEx+0x77) [0x7f48cc832327]
/export/scratch/opt/XilinxVivado/Vivado/2014.2/lib/lnx64.o/librdi_common.so(+0x496012) [0x7f48d0fd0012]
/export/scratch/opt/XilinxVivado/Vivado/2014.2/lib/lnx64.o/libtcl8.5.so(Tcl_ServiceEvent+0x87) [0x7f48cc8a4b37]
/export/scratch/opt/XilinxVivado/Vivado/2014.2/lib/lnx64.o/libtcl8.5.so(Tcl_DoOneEvent+0x129) [0x7f48cc8a4e69]
/export/scratch/opt/XilinxVivado/Vivado/2014.2/lib/lnx64.o/librdi_commontasks.so(+0x2b5d95) [0x7f48c398ed95]
/export/scratch/opt/XilinxVivado/Vivado/2014.2/lib/lnx64.o/librdi_commontasks.so(+0x2be057) [0x7f48c3997057]
/export/scratch/opt/XilinxVivado/Vivado/2014.2/lib/lnx64.o/librdi_commontasks.so(+0x2b6033) [0x7f48c398f033]
/export/scratch/opt/XilinxVivado/Vivado/2014.2/lib/lnx64.o/librdi_common.so(+0x49679b) [0x7f48d0fd079b]
/export/scratch/opt/XilinxVivado/Vivado/2014.2/lib/lnx64.o/libtcl8.5.so(+0x331f5) [0x7f48cc8301f5]
/export/scratch/opt/XilinxVivado/Vivado/2014.2/lib/lnx64.o/libtcl8.5.so(+0x76bbe) [0x7f48cc873bbe]
/export/scratch/opt/XilinxVivado/Vivado/2014.2/lib/lnx64.o/libtcl8.5.so(+0x7e767) [0x7f48cc87b767]
/export/scratch/opt/XilinxVivado/Vivado/2014.2/lib/lnx64.o/libtcl8.5.so(TclEvalObjEx+0x77) [0x7f48cc832327]
/export/scratch/opt/XilinxVivado/Vivado/2014.2/lib/lnx64.o/librdi_commonmain.so(+0x6ee0) [0x7f48d0934ee0]
/export/scratch/opt/XilinxVivado/Vivado/2014.2/lib/lnx64.o/libtcl8.5.so(Tcl_Main+0x1d5) [0x7f48cc89d175]
/export/scratch/opt/XilinxVivado/Vivado/2014.2/lib/lnx64.o/librdi_common.so(+0x4c50c9) [0x7f48d0fff0c9]
/lib64/libpthread.so.0() [0x3d530079d1]
/lib64/libc.so.6(clone+0x6d) [0x3d528e8b5d]
