#
# An unexpected error has occurred (11)
#
Stack:
/export/scratch/opt/XilinxVivado/Vivado/2014.2/tps/lnx64/jre/lib/amd64/server/libjvm.so(+0x8127a9) [0x7f631f7877a9]
/export/scratch/opt/XilinxVivado/Vivado/2014.2/tps/lnx64/jre/lib/amd64/server/libjvm.so(JVM_handle_linux_signal+0xb6) [0x7f631f78d216]
/lib64/libc.so.6() [0x31822326b0]
/export/scratch/opt/XilinxVivado/Vivado/2014.2/lib/lnx64.o/librdi_coregenipxact.so(HACGSpirit::HACGSAbstractionDefinitionPorts::getPort(unsigned long) const+0x14) [0x7f632be5e004]
/export/scratch/opt/XilinxVivado/Vivado/2014.2/lib/lnx64.o/librdi_rsb.so(HRSBCoAbsDefUtil::HRSBCoAbsDefUtil(HACGSpirit::HACGSAbstractionDefinition const&)+0xc5) [0x7f632d9b2c75]
/export/scratch/opt/XilinxVivado/Vivado/2014.2/lib/lnx64.o/librdi_rsb.so(HRSBEnUtil::writeOOCXdcFile(HSTString const&, HRSBMoDesign*)+0x22a) [0x7f632dad45fa]
/export/scratch/opt/XilinxVivado/Vivado/2014.2/lib/lnx64.o/librdi_rsb.so(HRSBEnEngineMgr::generateDesign(HSTString const&, HSTString const&)+0xc80) [0x7f632da7ce70]
/export/scratch/opt/XilinxVivado/Vivado/2014.2/lib/lnx64.o/librdi_rsb.so(HRSBEnCompositeFile::generateTopHdlWrapper(HDGUIStatus&)+0x125) [0x7f632da50845]
/export/scratch/opt/XilinxVivado/Vivado/2014.2/lib/lnx64.o/librdi_rsb.so(HRSBEnCompositeFile::_generateFor_(HSTVector<HSTString, std::allocator<HSTString> > const&, HDGUIStatus&, bool)+0x110) [0x7f632da52310]
/export/scratch/opt/XilinxVivado/Vivado/2014.2/lib/lnx64.o/librdi_filemgmt.so(HDDACompositeFile::generateFor(HSTVector<HSTString, std::allocator<HSTString> > const&, HDGUIStatus&, bool)+0x153) [0x7f63313d0263]
/export/scratch/opt/XilinxVivado/Vivado/2014.2/lib/lnx64.o/librdi_filemgmt.so(HDDACompositeFile::generateFor(HDDATypes::GenerationTarget, HDGUIStatus&, bool)+0x85) [0x7f63313d0545]
/export/scratch/opt/XilinxVivado/Vivado/2014.2/lib/lnx64.o/librdi_runs.so(HAXFUtils::prepareCompositeForTarget(HADAFileSet*, HDDATypes::GenerationTarget, HDGUIStatus&)+0x2df) [0x7f632d53405f]
/export/scratch/opt/XilinxVivado/Vivado/2014.2/lib/lnx64.o/librdi_runs.so(HAXFVDSDataMgr::prepRunForExport_(HAXPExpRun*, HSTVector<HSTString, std::allocator<HSTString> >&, HDGUIStatus&)+0x29) [0x7f632d5467e9]
/export/scratch/opt/XilinxVivado/Vivado/2014.2/lib/lnx64.o/librdi_runs.so(HAXPLaunchMgr::writeRunFromFloorplan(HAXPExpRun*, HFLFloorplan*, HSTVector<std::pair<HAXPExpRun*, HSTString>, std::allocator<std::pair<HAXPExpRun*, HSTString> > >&, HDGUIStatus&)+0xce) [0x7f632d45881e]
/export/scratch/opt/XilinxVivado/Vivado/2014.2/lib/lnx64.o/librdi_project.so(HAPRRunDaemonLauncher::exportRunForSpec_(HAXPExpRun*, HSTVector<std::pair<HAXPExpRun*, HSTString>, std::allocator<std::pair<HAXPExpRun*, HSTString> > >&, HDGUIStatus&)+0x4c) [0x7f632ea56aac]
/export/scratch/opt/XilinxVivado/Vivado/2014.2/lib/lnx64.o/librdi_project.so(HAPRRunDaemonLauncher::launch(HAXPLaunchOptions*, HSTVector<std::pair<HAXPExpRun*, HSTString>, std::allocator<std::pair<HAXPExpRun*, HSTString> > >&, HDGUIStatus&)+0x388) [0x7f632ea576f8]
/export/scratch/opt/XilinxVivado/Vivado/2014.2/lib/lnx64.o/librdi_tcltasks.so(+0x113aed2) [0x7f63233eeed2]
/export/scratch/opt/XilinxVivado/Vivado/2014.2/lib/lnx64.o/librdi_common.so(+0x49679b) [0x7f634a27e79b]
/export/scratch/opt/XilinxVivado/Vivado/2014.2/lib/lnx64.o/libtcl8.5.so(+0x331f5) [0x7f6345ade1f5]
/export/scratch/opt/XilinxVivado/Vivado/2014.2/lib/lnx64.o/libtcl8.5.so(+0x76bbe) [0x7f6345b21bbe]
/export/scratch/opt/XilinxVivado/Vivado/2014.2/lib/lnx64.o/libtcl8.5.so(+0x7e767) [0x7f6345b29767]
/export/scratch/opt/XilinxVivado/Vivado/2014.2/lib/lnx64.o/libtcl8.5.so(TclEvalObjEx+0x77) [0x7f6345ae0327]
/export/scratch/opt/XilinxVivado/Vivado/2014.2/lib/lnx64.o/librdi_common.so(+0x496012) [0x7f634a27e012]
/export/scratch/opt/XilinxVivado/Vivado/2014.2/lib/lnx64.o/libtcl8.5.so(Tcl_ServiceEvent+0x87) [0x7f6345b52b37]
/export/scratch/opt/XilinxVivado/Vivado/2014.2/lib/lnx64.o/libtcl8.5.so(Tcl_DoOneEvent+0x129) [0x7f6345b52e69]
/export/scratch/opt/XilinxVivado/Vivado/2014.2/lib/lnx64.o/librdi_commontasks.so(+0x2b5d95) [0x7f633cc05d95]
/export/scratch/opt/XilinxVivado/Vivado/2014.2/lib/lnx64.o/librdi_commontasks.so(+0x2be057) [0x7f633cc0e057]
/export/scratch/opt/XilinxVivado/Vivado/2014.2/lib/lnx64.o/librdi_commontasks.so(+0x2b6033) [0x7f633cc06033]
/export/scratch/opt/XilinxVivado/Vivado/2014.2/lib/lnx64.o/librdi_common.so(+0x49679b) [0x7f634a27e79b]
/export/scratch/opt/XilinxVivado/Vivado/2014.2/lib/lnx64.o/libtcl8.5.so(+0x331f5) [0x7f6345ade1f5]
/export/scratch/opt/XilinxVivado/Vivado/2014.2/lib/lnx64.o/libtcl8.5.so(+0x76bbe) [0x7f6345b21bbe]
/export/scratch/opt/XilinxVivado/Vivado/2014.2/lib/lnx64.o/libtcl8.5.so(+0x7e767) [0x7f6345b29767]
/export/scratch/opt/XilinxVivado/Vivado/2014.2/lib/lnx64.o/libtcl8.5.so(TclEvalObjEx+0x77) [0x7f6345ae0327]
/export/scratch/opt/XilinxVivado/Vivado/2014.2/lib/lnx64.o/librdi_commonmain.so(+0x6ee0) [0x7f6349be2ee0]
/export/scratch/opt/XilinxVivado/Vivado/2014.2/lib/lnx64.o/libtcl8.5.so(Tcl_Main+0x1d5) [0x7f6345b4b175]
/export/scratch/opt/XilinxVivado/Vivado/2014.2/lib/lnx64.o/librdi_common.so(+0x4c50c9) [0x7f634a2ad0c9]
/lib64/libpthread.so.0() [0x3182e079d1]
/lib64/libc.so.6(clone+0x6d) [0x31822e886d]
