#
# An unexpected error has occurred (11)
#
Stack:
/export/thishost/opt/Xilinx/Vivado/2014.2/tps/lnx64/jre/lib/amd64/server/libjvm.so(+0x8127a9) [0x7fd2e00e17a9]
/export/thishost/opt/Xilinx/Vivado/2014.2/tps/lnx64/jre/lib/amd64/server/libjvm.so(JVM_handle_linux_signal+0xb6) [0x7fd2e00e7216]
/lib64/libc.so.6() [0x37e18326a0]
/export/thishost/opt/Xilinx/Vivado/2014.2/lib/lnx64.o/librdi_coregenipxact.so(HACGSpirit::HACGSAbstractionDefinitionPorts::sizePort() const+0) [0x7fd2ec7b8140]
/export/thishost/opt/Xilinx/Vivado/2014.2/lib/lnx64.o/librdi_rsb.so(HRSBCoAbsDefUtil::HRSBCoAbsDefUtil(HACGSpirit::HACGSAbstractionDefinition const&)+0xaa) [0x7fd2ee30cc5a]
/export/thishost/opt/Xilinx/Vivado/2014.2/lib/lnx64.o/librdi_rsb.so(HRSBEnUtil::writeOOCXdcFile(HSTString const&, HRSBMoDesign*)+0x22a) [0x7fd2ee42e5fa]
/export/thishost/opt/Xilinx/Vivado/2014.2/lib/lnx64.o/librdi_rsb.so(HRSBEnEngineMgr::generateDesign(HSTString const&, HSTString const&)+0xc80) [0x7fd2ee3d6e70]
/export/thishost/opt/Xilinx/Vivado/2014.2/lib/lnx64.o/librdi_rsb.so(HRSBEnCompositeFile::generateTopHdlWrapper(HDGUIStatus&)+0x125) [0x7fd2ee3aa845]
/export/thishost/opt/Xilinx/Vivado/2014.2/lib/lnx64.o/librdi_rsb.so(HRSBEnCompositeFile::_generateFor_(HSTVector<HSTString, std::allocator<HSTString> > const&, HDGUIStatus&, bool)+0x110) [0x7fd2ee3ac310]
/export/thishost/opt/Xilinx/Vivado/2014.2/lib/lnx64.o/librdi_filemgmt.so(HDDACompositeFile::generateFor(HSTVector<HSTString, std::allocator<HSTString> > const&, HDGUIStatus&, bool)+0x153) [0x7fd2f1d2a263]
/export/thishost/opt/Xilinx/Vivado/2014.2/lib/lnx64.o/librdi_filemgmt.so(HDDACompositeFile::generateFor(HDDATypes::GenerationTarget, HDGUIStatus&, bool)+0x85) [0x7fd2f1d2a545]
/export/thishost/opt/Xilinx/Vivado/2014.2/lib/lnx64.o/librdi_runs.so(HAXFUtils::prepareCompositeForTarget(HADAFileSet*, HDDATypes::GenerationTarget, HDGUIStatus&)+0x2df) [0x7fd2ede8e05f]
/export/thishost/opt/Xilinx/Vivado/2014.2/lib/lnx64.o/librdi_runs.so(HAXFVDSDataMgr::prepRunForExport_(HAXPExpRun*, HSTVector<HSTString, std::allocator<HSTString> >&, HDGUIStatus&)+0x29) [0x7fd2edea07e9]
/export/thishost/opt/Xilinx/Vivado/2014.2/lib/lnx64.o/librdi_runs.so(HAXPLaunchMgr::writeRunFromFloorplan(HAXPExpRun*, HFLFloorplan*, HSTVector<std::pair<HAXPExpRun*, HSTString>, std::allocator<std::pair<HAXPExpRun*, HSTString> > >&, HDGUIStatus&)+0xce) [0x7fd2eddb281e]
/export/thishost/opt/Xilinx/Vivado/2014.2/lib/lnx64.o/librdi_project.so(HAPRRunDaemonLauncher::exportRunForSpec_(HAXPExpRun*, HSTVector<std::pair<HAXPExpRun*, HSTString>, std::allocator<std::pair<HAXPExpRun*, HSTString> > >&, HDGUIStatus&)+0x4c) [0x7fd2ef3b0aac]
/export/thishost/opt/Xilinx/Vivado/2014.2/lib/lnx64.o/librdi_project.so(HAPRRunDaemonLauncher::launch(HAXPLaunchOptions*, HSTVector<std::pair<HAXPExpRun*, HSTString>, std::allocator<std::pair<HAXPExpRun*, HSTString> > >&, HDGUIStatus&)+0x388) [0x7fd2ef3b16f8]
/export/thishost/opt/Xilinx/Vivado/2014.2/lib/lnx64.o/librdi_tcltasks.so(+0x113aed2) [0x7fd2e3d48ed2]
/export/thishost/opt/Xilinx/Vivado/2014.2/lib/lnx64.o/librdi_common.so(+0x49679b) [0x7fd30add379b]
/export/thishost/opt/Xilinx/Vivado/2014.2/lib/lnx64.o/libtcl8.5.so(+0x331f5) [0x7fd3066391f5]
/export/thishost/opt/Xilinx/Vivado/2014.2/lib/lnx64.o/libtcl8.5.so(+0x76bbe) [0x7fd30667cbbe]
/export/thishost/opt/Xilinx/Vivado/2014.2/lib/lnx64.o/libtcl8.5.so(+0x7e767) [0x7fd306684767]
/export/thishost/opt/Xilinx/Vivado/2014.2/lib/lnx64.o/libtcl8.5.so(TclEvalObjEx+0x77) [0x7fd30663b327]
/export/thishost/opt/Xilinx/Vivado/2014.2/lib/lnx64.o/librdi_common.so(+0x496012) [0x7fd30add3012]
/export/thishost/opt/Xilinx/Vivado/2014.2/lib/lnx64.o/libtcl8.5.so(Tcl_ServiceEvent+0x87) [0x7fd3066adb37]
/export/thishost/opt/Xilinx/Vivado/2014.2/lib/lnx64.o/libtcl8.5.so(Tcl_DoOneEvent+0x129) [0x7fd3066ade69]
/export/thishost/opt/Xilinx/Vivado/2014.2/lib/lnx64.o/librdi_commontasks.so(+0x2b5d95) [0x7fd2fd76cd95]
/export/thishost/opt/Xilinx/Vivado/2014.2/lib/lnx64.o/librdi_commontasks.so(+0x2be057) [0x7fd2fd775057]
/export/thishost/opt/Xilinx/Vivado/2014.2/lib/lnx64.o/librdi_commontasks.so(+0x2b6033) [0x7fd2fd76d033]
/export/thishost/opt/Xilinx/Vivado/2014.2/lib/lnx64.o/librdi_common.so(+0x49679b) [0x7fd30add379b]
/export/thishost/opt/Xilinx/Vivado/2014.2/lib/lnx64.o/libtcl8.5.so(+0x331f5) [0x7fd3066391f5]
/export/thishost/opt/Xilinx/Vivado/2014.2/lib/lnx64.o/libtcl8.5.so(+0x76bbe) [0x7fd30667cbbe]
/export/thishost/opt/Xilinx/Vivado/2014.2/lib/lnx64.o/libtcl8.5.so(+0x7e767) [0x7fd306684767]
/export/thishost/opt/Xilinx/Vivado/2014.2/lib/lnx64.o/libtcl8.5.so(TclEvalObjEx+0x77) [0x7fd30663b327]
/export/thishost/opt/Xilinx/Vivado/2014.2/lib/lnx64.o/librdi_commonmain.so(+0x6ee0) [0x7fd30a737ee0]
/export/thishost/opt/Xilinx/Vivado/2014.2/lib/lnx64.o/libtcl8.5.so(Tcl_Main+0x1d5) [0x7fd3066a6175]
/export/thishost/opt/Xilinx/Vivado/2014.2/lib/lnx64.o/librdi_common.so(+0x4c50c9) [0x7fd30ae020c9]
/lib64/libpthread.so.0() [0x37e20079d1]
/lib64/libc.so.6(clone+0x6d) [0x37e18e88fd]
