#
# An unexpected error has occurred (11)
#
Stack:
/export/scratch/opt/XilinxVivado/Vivado/2014.2/tps/lnx64/jre/lib/amd64/server/libjvm.so(+0x8127a9) [0x7f42d3abf7a9]
/export/scratch/opt/XilinxVivado/Vivado/2014.2/tps/lnx64/jre/lib/amd64/server/libjvm.so(JVM_handle_linux_signal+0xb6) [0x7f42d3ac5216]
/lib64/libc.so.6() [0x3d528329a0]
/export/scratch/opt/XilinxVivado/Vivado/2014.2/lib/lnx64.o/libstdc++.so.6(_ZNSsC1ERKSs+0x8) [0x7f42fdc93a18]
/export/scratch/opt/XilinxVivado/Vivado/2014.2/lib/lnx64.o/librdi_rsb.so(HRSBCoAbsDefUtil::HRSBCoAbsDefUtil(HACGSpirit::HACGSAbstractionDefinition const&)+0xd8) [0x7f42e1ceac88]
/export/scratch/opt/XilinxVivado/Vivado/2014.2/lib/lnx64.o/librdi_rsb.so(HRSBEnUtil::writeOOCXdcFile(HSTString const&, HRSBMoDesign*)+0x22a) [0x7f42e1e0c5fa]
/export/scratch/opt/XilinxVivado/Vivado/2014.2/lib/lnx64.o/librdi_rsb.so(HRSBEnEngineMgr::generateDesign(HSTString const&, HSTString const&)+0xc80) [0x7f42e1db4e70]
/export/scratch/opt/XilinxVivado/Vivado/2014.2/lib/lnx64.o/librdi_rsb.so(HRSBEnCompositeFile::generateTopHdlWrapper(HDGUIStatus&)+0x125) [0x7f42e1d88845]
/export/scratch/opt/XilinxVivado/Vivado/2014.2/lib/lnx64.o/librdi_rsb.so(HRSBEnCompositeFile::_generateFor_(HSTVector<HSTString, std::allocator<HSTString> > const&, HDGUIStatus&, bool)+0x110) [0x7f42e1d8a310]
/export/scratch/opt/XilinxVivado/Vivado/2014.2/lib/lnx64.o/librdi_filemgmt.so(HDDACompositeFile::generateFor(HSTVector<HSTString, std::allocator<HSTString> > const&, HDGUIStatus&, bool)+0x153) [0x7f42e5708263]
/export/scratch/opt/XilinxVivado/Vivado/2014.2/lib/lnx64.o/librdi_filemgmt.so(HDDACompositeFile::generateFor(HDDATypes::GenerationTarget, HDGUIStatus&, bool)+0x85) [0x7f42e5708545]
/export/scratch/opt/XilinxVivado/Vivado/2014.2/lib/lnx64.o/librdi_runs.so(HAXFUtils::prepareCompositeForTarget(HADAFileSet*, HDDATypes::GenerationTarget, HDGUIStatus&)+0x2df) [0x7f42e186c05f]
/export/scratch/opt/XilinxVivado/Vivado/2014.2/lib/lnx64.o/librdi_runs.so(HAXFVDSDataMgr::prepRunForExport_(HAXPExpRun*, HSTVector<HSTString, std::allocator<HSTString> >&, HDGUIStatus&)+0x29) [0x7f42e187e7e9]
/export/scratch/opt/XilinxVivado/Vivado/2014.2/lib/lnx64.o/librdi_runs.so(HAXPLaunchMgr::writeRunFromFloorplan(HAXPExpRun*, HFLFloorplan*, HSTVector<std::pair<HAXPExpRun*, HSTString>, std::allocator<std::pair<HAXPExpRun*, HSTString> > >&, HDGUIStatus&)+0xce) [0x7f42e179081e]
/export/scratch/opt/XilinxVivado/Vivado/2014.2/lib/lnx64.o/librdi_project.so(HAPRRunDaemonLauncher::exportRunForSpec_(HAXPExpRun*, HSTVector<std::pair<HAXPExpRun*, HSTString>, std::allocator<std::pair<HAXPExpRun*, HSTString> > >&, HDGUIStatus&)+0x4c) [0x7f42e2d8eaac]
/export/scratch/opt/XilinxVivado/Vivado/2014.2/lib/lnx64.o/librdi_project.so(HAPRRunDaemonLauncher::launch(HAXPLaunchOptions*, HSTVector<std::pair<HAXPExpRun*, HSTString>, std::allocator<std::pair<HAXPExpRun*, HSTString> > >&, HDGUIStatus&)+0x388) [0x7f42e2d8f6f8]
/export/scratch/opt/XilinxVivado/Vivado/2014.2/lib/lnx64.o/librdi_tcltasks.so(+0x113aed2) [0x7f42d7726ed2]
/export/scratch/opt/XilinxVivado/Vivado/2014.2/lib/lnx64.o/librdi_common.so(+0x49679b) [0x7f42fe57f79b]
/export/scratch/opt/XilinxVivado/Vivado/2014.2/lib/lnx64.o/libtcl8.5.so(+0x331f5) [0x7f42f9ddf1f5]
/export/scratch/opt/XilinxVivado/Vivado/2014.2/lib/lnx64.o/libtcl8.5.so(+0x76bbe) [0x7f42f9e22bbe]
/export/scratch/opt/XilinxVivado/Vivado/2014.2/lib/lnx64.o/libtcl8.5.so(+0x7e767) [0x7f42f9e2a767]
/export/scratch/opt/XilinxVivado/Vivado/2014.2/lib/lnx64.o/libtcl8.5.so(TclEvalObjEx+0x77) [0x7f42f9de1327]
/export/scratch/opt/XilinxVivado/Vivado/2014.2/lib/lnx64.o/librdi_common.so(+0x496012) [0x7f42fe57f012]
/export/scratch/opt/XilinxVivado/Vivado/2014.2/lib/lnx64.o/libtcl8.5.so(Tcl_ServiceEvent+0x87) [0x7f42f9e53b37]
/export/scratch/opt/XilinxVivado/Vivado/2014.2/lib/lnx64.o/libtcl8.5.so(Tcl_DoOneEvent+0x129) [0x7f42f9e53e69]
/export/scratch/opt/XilinxVivado/Vivado/2014.2/lib/lnx64.o/librdi_commontasks.so(+0x2b5d95) [0x7f42f0f3dd95]
/export/scratch/opt/XilinxVivado/Vivado/2014.2/lib/lnx64.o/librdi_commontasks.so(+0x2be057) [0x7f42f0f46057]
/export/scratch/opt/XilinxVivado/Vivado/2014.2/lib/lnx64.o/librdi_commontasks.so(+0x2b6033) [0x7f42f0f3e033]
/export/scratch/opt/XilinxVivado/Vivado/2014.2/lib/lnx64.o/librdi_common.so(+0x49679b) [0x7f42fe57f79b]
/export/scratch/opt/XilinxVivado/Vivado/2014.2/lib/lnx64.o/libtcl8.5.so(+0x331f5) [0x7f42f9ddf1f5]
/export/scratch/opt/XilinxVivado/Vivado/2014.2/lib/lnx64.o/libtcl8.5.so(+0x76bbe) [0x7f42f9e22bbe]
/export/scratch/opt/XilinxVivado/Vivado/2014.2/lib/lnx64.o/libtcl8.5.so(+0x7e767) [0x7f42f9e2a767]
/export/scratch/opt/XilinxVivado/Vivado/2014.2/lib/lnx64.o/libtcl8.5.so(TclEvalObjEx+0x77) [0x7f42f9de1327]
/export/scratch/opt/XilinxVivado/Vivado/2014.2/lib/lnx64.o/librdi_commonmain.so(+0x6ee0) [0x7f42fdee3ee0]
/export/scratch/opt/XilinxVivado/Vivado/2014.2/lib/lnx64.o/libtcl8.5.so(Tcl_Main+0x1d5) [0x7f42f9e4c175]
/export/scratch/opt/XilinxVivado/Vivado/2014.2/lib/lnx64.o/librdi_common.so(+0x4c50c9) [0x7f42fe5ae0c9]
/lib64/libpthread.so.0() [0x3d530079d1]
/lib64/libc.so.6(clone+0x6d) [0x3d528e8b5d]
