#
# An unexpected error has occurred (11)
#
Stack:
/export/thishost/opt/Xilinx/Vivado/2014.2/tps/lnx64/jre/lib/amd64/server/libjvm.so(+0x8127a9) [0x7f2f672707a9]
/export/thishost/opt/Xilinx/Vivado/2014.2/tps/lnx64/jre/lib/amd64/server/libjvm.so(JVM_handle_linux_signal+0xb6) [0x7f2f67276216]
/lib64/libc.so.6() [0x3214e326a0]
/export/thishost/opt/Xilinx/Vivado/2014.2/lib/lnx64.o/librdi_coregenipxact.so(HACGSpirit::HACGSAbstractionDefinitionPorts::getPort(unsigned long) const+0x14) [0x7f2f73947004]
/export/thishost/opt/Xilinx/Vivado/2014.2/lib/lnx64.o/librdi_rsb.so(HRSBCoAbsDefUtil::HRSBCoAbsDefUtil(HACGSpirit::HACGSAbstractionDefinition const&)+0xc5) [0x7f2f7549bc75]
/export/thishost/opt/Xilinx/Vivado/2014.2/lib/lnx64.o/librdi_rsb.so(HRSBEnUtil::writeOOCXdcFile(HSTString const&, HRSBMoDesign*)+0x22a) [0x7f2f755bd5fa]
/export/thishost/opt/Xilinx/Vivado/2014.2/lib/lnx64.o/librdi_rsb.so(HRSBEnEngineMgr::generateDesign(HSTString const&, HSTString const&)+0xc80) [0x7f2f75565e70]
/export/thishost/opt/Xilinx/Vivado/2014.2/lib/lnx64.o/librdi_rsb.so(HRSBEnCompositeFile::generateTopHdlWrapper(HDGUIStatus&)+0x125) [0x7f2f75539845]
/export/thishost/opt/Xilinx/Vivado/2014.2/lib/lnx64.o/librdi_rsb.so(HRSBEnCompositeFile::_generateFor_(HSTVector<HSTString, std::allocator<HSTString> > const&, HDGUIStatus&, bool)+0x110) [0x7f2f7553b310]
/export/thishost/opt/Xilinx/Vivado/2014.2/lib/lnx64.o/librdi_filemgmt.so(HDDACompositeFile::generateFor(HSTVector<HSTString, std::allocator<HSTString> > const&, HDGUIStatus&, bool)+0x153) [0x7f2f78eb9263]
/export/thishost/opt/Xilinx/Vivado/2014.2/lib/lnx64.o/librdi_filemgmt.so(HDDACompositeFile::generateFor(HDDATypes::GenerationTarget, HDGUIStatus&, bool)+0x85) [0x7f2f78eb9545]
/export/thishost/opt/Xilinx/Vivado/2014.2/lib/lnx64.o/librdi_runs.so(HAXFUtils::prepareCompositeForTarget(HADAFileSet*, HDDATypes::GenerationTarget, HDGUIStatus&)+0x2df) [0x7f2f7501d05f]
/export/thishost/opt/Xilinx/Vivado/2014.2/lib/lnx64.o/librdi_runs.so(HAXFVDSDataMgr::prepRunForExport_(HAXPExpRun*, HSTVector<HSTString, std::allocator<HSTString> >&, HDGUIStatus&)+0x29) [0x7f2f7502f7e9]
/export/thishost/opt/Xilinx/Vivado/2014.2/lib/lnx64.o/librdi_runs.so(HAXPLaunchMgr::writeRunFromFloorplan(HAXPExpRun*, HFLFloorplan*, HSTVector<std::pair<HAXPExpRun*, HSTString>, std::allocator<std::pair<HAXPExpRun*, HSTString> > >&, HDGUIStatus&)+0xce) [0x7f2f74f4181e]
/export/thishost/opt/Xilinx/Vivado/2014.2/lib/lnx64.o/librdi_project.so(HAPRRunDaemonLauncher::exportRunForSpec_(HAXPExpRun*, HSTVector<std::pair<HAXPExpRun*, HSTString>, std::allocator<std::pair<HAXPExpRun*, HSTString> > >&, HDGUIStatus&)+0x4c) [0x7f2f7653faac]
/export/thishost/opt/Xilinx/Vivado/2014.2/lib/lnx64.o/librdi_project.so(HAPRRunDaemonLauncher::launch(HAXPLaunchOptions*, HSTVector<std::pair<HAXPExpRun*, HSTString>, std::allocator<std::pair<HAXPExpRun*, HSTString> > >&, HDGUIStatus&)+0x388) [0x7f2f765406f8]
/export/thishost/opt/Xilinx/Vivado/2014.2/lib/lnx64.o/librdi_tcltasks.so(+0x113aed2) [0x7f2f6aed7ed2]
/export/thishost/opt/Xilinx/Vivado/2014.2/lib/lnx64.o/librdi_common.so(+0x49679b) [0x7f2f91f6479b]
/export/thishost/opt/Xilinx/Vivado/2014.2/lib/lnx64.o/libtcl8.5.so(+0x331f5) [0x7f2f8d7c91f5]
/export/thishost/opt/Xilinx/Vivado/2014.2/lib/lnx64.o/libtcl8.5.so(+0x76bbe) [0x7f2f8d80cbbe]
/export/thishost/opt/Xilinx/Vivado/2014.2/lib/lnx64.o/libtcl8.5.so(+0x7e767) [0x7f2f8d814767]
/export/thishost/opt/Xilinx/Vivado/2014.2/lib/lnx64.o/libtcl8.5.so(TclEvalObjEx+0x77) [0x7f2f8d7cb327]
/export/thishost/opt/Xilinx/Vivado/2014.2/lib/lnx64.o/librdi_common.so(+0x496012) [0x7f2f91f64012]
/export/thishost/opt/Xilinx/Vivado/2014.2/lib/lnx64.o/libtcl8.5.so(Tcl_ServiceEvent+0x87) [0x7f2f8d83db37]
/export/thishost/opt/Xilinx/Vivado/2014.2/lib/lnx64.o/libtcl8.5.so(Tcl_DoOneEvent+0x129) [0x7f2f8d83de69]
/export/thishost/opt/Xilinx/Vivado/2014.2/lib/lnx64.o/librdi_commontasks.so(+0x2b5d95) [0x7f2f848fcd95]
/export/thishost/opt/Xilinx/Vivado/2014.2/lib/lnx64.o/librdi_commontasks.so(+0x2be057) [0x7f2f84905057]
/export/thishost/opt/Xilinx/Vivado/2014.2/lib/lnx64.o/librdi_commontasks.so(+0x2b6033) [0x7f2f848fd033]
/export/thishost/opt/Xilinx/Vivado/2014.2/lib/lnx64.o/librdi_common.so(+0x49679b) [0x7f2f91f6479b]
/export/thishost/opt/Xilinx/Vivado/2014.2/lib/lnx64.o/libtcl8.5.so(+0x331f5) [0x7f2f8d7c91f5]
/export/thishost/opt/Xilinx/Vivado/2014.2/lib/lnx64.o/libtcl8.5.so(+0x76bbe) [0x7f2f8d80cbbe]
/export/thishost/opt/Xilinx/Vivado/2014.2/lib/lnx64.o/libtcl8.5.so(+0x7e767) [0x7f2f8d814767]
/export/thishost/opt/Xilinx/Vivado/2014.2/lib/lnx64.o/libtcl8.5.so(TclEvalObjEx+0x77) [0x7f2f8d7cb327]
/export/thishost/opt/Xilinx/Vivado/2014.2/lib/lnx64.o/librdi_commonmain.so(+0x6ee0) [0x7f2f918c8ee0]
/export/thishost/opt/Xilinx/Vivado/2014.2/lib/lnx64.o/libtcl8.5.so(Tcl_Main+0x1d5) [0x7f2f8d836175]
/export/thishost/opt/Xilinx/Vivado/2014.2/lib/lnx64.o/librdi_common.so(+0x4c50c9) [0x7f2f91f930c9]
/lib64/libpthread.so.0() [0x3215607a51]
/lib64/libc.so.6(clone+0x6d) [0x3214ee893d]
