#
# An unexpected error has occurred (11)
#
Stack:
/export/scratch/opt/XilinxVivado2014.2/Vivado/2014.2/tps/lnx64/jre/lib/amd64/server/libjvm.so(+0x8127a9) [0x7f4a61f1b7a9]
/export/scratch/opt/XilinxVivado2014.2/Vivado/2014.2/tps/lnx64/jre/lib/amd64/server/libjvm.so(JVM_handle_linux_signal+0xb6) [0x7f4a61f21216]
/lib64/libc.so.6() [0x3407e326a0]
/export/scratch/opt/XilinxVivado2014.2/Vivado/2014.2/lib/lnx64.o/libstdc++.so.6(_ZNSsC1ERKSs+0xb) [0x7f4a8c126a1b]
/export/scratch/opt/XilinxVivado2014.2/Vivado/2014.2/lib/lnx64.o/librdi_rsb.so(HRSBCoAbsDefUtil::HRSBCoAbsDefUtil(HACGSpirit::HACGSAbstractionDefinition const&)+0xd8) [0x7f4a70146c88]
/export/scratch/opt/XilinxVivado2014.2/Vivado/2014.2/lib/lnx64.o/librdi_rsb.so(HRSBEnUtil::writeOOCXdcFile(HSTString const&, HRSBMoDesign*)+0x22a) [0x7f4a702685fa]
/export/scratch/opt/XilinxVivado2014.2/Vivado/2014.2/lib/lnx64.o/librdi_rsb.so(HRSBEnEngineMgr::generateDesign(HSTString const&, HSTString const&)+0xc80) [0x7f4a70210e70]
/export/scratch/opt/XilinxVivado2014.2/Vivado/2014.2/lib/lnx64.o/librdi_rsb.so(HRSBEnCompositeFile::generateTopHdlWrapper(HDGUIStatus&)+0x125) [0x7f4a701e4845]
/export/scratch/opt/XilinxVivado2014.2/Vivado/2014.2/lib/lnx64.o/librdi_rsb.so(HRSBEnCompositeFile::_generateFor_(HSTVector<HSTString, std::allocator<HSTString> > const&, HDGUIStatus&, bool)+0x110) [0x7f4a701e6310]
/export/scratch/opt/XilinxVivado2014.2/Vivado/2014.2/lib/lnx64.o/librdi_filemgmt.so(HDDACompositeFile::generateFor(HSTVector<HSTString, std::allocator<HSTString> > const&, HDGUIStatus&, bool)+0x153) [0x7f4a73b64263]
/export/scratch/opt/XilinxVivado2014.2/Vivado/2014.2/lib/lnx64.o/librdi_filemgmt.so(HDDACompositeFile::generateFor(HDDATypes::GenerationTarget, HDGUIStatus&, bool)+0x85) [0x7f4a73b64545]
/export/scratch/opt/XilinxVivado2014.2/Vivado/2014.2/lib/lnx64.o/librdi_runs.so(HAXFUtils::prepareCompositeForTarget(HADAFileSet*, HDDATypes::GenerationTarget, HDGUIStatus&)+0x2df) [0x7f4a6fcc805f]
/export/scratch/opt/XilinxVivado2014.2/Vivado/2014.2/lib/lnx64.o/librdi_runs.so(HAXFVDSDataMgr::prepRunForExport_(HAXPExpRun*, HSTVector<HSTString, std::allocator<HSTString> >&, HDGUIStatus&)+0x29) [0x7f4a6fcda7e9]
/export/scratch/opt/XilinxVivado2014.2/Vivado/2014.2/lib/lnx64.o/librdi_runs.so(HAXPLaunchMgr::writeRunFromFloorplan(HAXPExpRun*, HFLFloorplan*, HSTVector<std::pair<HAXPExpRun*, HSTString>, std::allocator<std::pair<HAXPExpRun*, HSTString> > >&, HDGUIStatus&)+0xce) [0x7f4a6fbec81e]
/export/scratch/opt/XilinxVivado2014.2/Vivado/2014.2/lib/lnx64.o/librdi_project.so(HAPRRunDaemonLauncher::exportRunForSpec_(HAXPExpRun*, HSTVector<std::pair<HAXPExpRun*, HSTString>, std::allocator<std::pair<HAXPExpRun*, HSTString> > >&, HDGUIStatus&)+0x4c) [0x7f4a711eaaac]
/export/scratch/opt/XilinxVivado2014.2/Vivado/2014.2/lib/lnx64.o/librdi_project.so(HAPRRunDaemonLauncher::launch(HAXPLaunchOptions*, HSTVector<std::pair<HAXPExpRun*, HSTString>, std::allocator<std::pair<HAXPExpRun*, HSTString> > >&, HDGUIStatus&)+0x388) [0x7f4a711eb6f8]
/export/scratch/opt/XilinxVivado2014.2/Vivado/2014.2/lib/lnx64.o/librdi_tcltasks.so(+0x113aed2) [0x7f4a65b82ed2]
/export/scratch/opt/XilinxVivado2014.2/Vivado/2014.2/lib/lnx64.o/librdi_common.so(+0x49679b) [0x7f4a8ca1279b]
/export/scratch/opt/XilinxVivado2014.2/Vivado/2014.2/lib/lnx64.o/libtcl8.5.so(+0x331f5) [0x7f4a882721f5]
/export/scratch/opt/XilinxVivado2014.2/Vivado/2014.2/lib/lnx64.o/libtcl8.5.so(+0x76bbe) [0x7f4a882b5bbe]
/export/scratch/opt/XilinxVivado2014.2/Vivado/2014.2/lib/lnx64.o/libtcl8.5.so(+0x7e767) [0x7f4a882bd767]
/export/scratch/opt/XilinxVivado2014.2/Vivado/2014.2/lib/lnx64.o/libtcl8.5.so(TclEvalObjEx+0x77) [0x7f4a88274327]
/export/scratch/opt/XilinxVivado2014.2/Vivado/2014.2/lib/lnx64.o/librdi_common.so(+0x496012) [0x7f4a8ca12012]
/export/scratch/opt/XilinxVivado2014.2/Vivado/2014.2/lib/lnx64.o/libtcl8.5.so(Tcl_ServiceEvent+0x87) [0x7f4a882e6b37]
/export/scratch/opt/XilinxVivado2014.2/Vivado/2014.2/lib/lnx64.o/libtcl8.5.so(Tcl_DoOneEvent+0x129) [0x7f4a882e6e69]
/export/scratch/opt/XilinxVivado2014.2/Vivado/2014.2/lib/lnx64.o/librdi_commontasks.so(+0x2b5d95) [0x7f4a7f399d95]
/export/scratch/opt/XilinxVivado2014.2/Vivado/2014.2/lib/lnx64.o/librdi_commontasks.so(+0x2be057) [0x7f4a7f3a2057]
/export/scratch/opt/XilinxVivado2014.2/Vivado/2014.2/lib/lnx64.o/librdi_commontasks.so(+0x2b6033) [0x7f4a7f39a033]
/export/scratch/opt/XilinxVivado2014.2/Vivado/2014.2/lib/lnx64.o/librdi_common.so(+0x49679b) [0x7f4a8ca1279b]
/export/scratch/opt/XilinxVivado2014.2/Vivado/2014.2/lib/lnx64.o/libtcl8.5.so(+0x331f5) [0x7f4a882721f5]
/export/scratch/opt/XilinxVivado2014.2/Vivado/2014.2/lib/lnx64.o/libtcl8.5.so(+0x76bbe) [0x7f4a882b5bbe]
/export/scratch/opt/XilinxVivado2014.2/Vivado/2014.2/lib/lnx64.o/libtcl8.5.so(+0x7e767) [0x7f4a882bd767]
/export/scratch/opt/XilinxVivado2014.2/Vivado/2014.2/lib/lnx64.o/libtcl8.5.so(TclEvalObjEx+0x77) [0x7f4a88274327]
/export/scratch/opt/XilinxVivado2014.2/Vivado/2014.2/lib/lnx64.o/librdi_commonmain.so(+0x6ee0) [0x7f4a8c376ee0]
/export/scratch/opt/XilinxVivado2014.2/Vivado/2014.2/lib/lnx64.o/libtcl8.5.so(Tcl_Main+0x1d5) [0x7f4a882df175]
/export/scratch/opt/XilinxVivado2014.2/Vivado/2014.2/lib/lnx64.o/librdi_common.so(+0x4c50c9) [0x7f4a8ca410c9]
/lib64/libpthread.so.0() [0x34086079d1]
/lib64/libc.so.6(clone+0x6d) [0x3407ee89dd]
